2025-09-16 18:54:26,166 [INFO] __main__: GRAB - Запущен
2025-09-16 18:55:42,344 [INFO] __main__: GRAB - Запущен
2025-09-18 04:11:17,822 [INFO] __main__: GRAB - Запущен
2025-09-18 14:35:18,765 [INFO] __main__: GRAB - Запущен
2025-09-18 14:37:28,226 [INFO] __main__: Ожидание ввода ID канала
2025-09-18 14:40:17,117 [ERROR] __main__: Ошибка при добавлении канала: invalid literal for int() with base 10: '-1001481270449\\'
2025-09-18 14:40:34,872 [INFO] __main__: Ожидание ввода ID канала
2025-09-18 14:40:37,978 [INFO] __main__: Канал Драки / ММА | UFC \ Бокс добавлен
2025-09-18 14:41:07,440 [INFO] __main__: Канал-получатель chanel добавлен
2025-09-18 15:34:17,656 [INFO] __main__: GRAB - Запущен
2025-09-19 02:14:33,357 [INFO] __main__: GRAB - Запущен
2025-09-19 02:16:04,655 [INFO] __main__: Ожидание ввода ID канала
2025-09-19 02:16:26,225 [INFO] __main__: Канал chanel добавлен
2025-09-19 02:16:43,294 [ERROR] __main__: Ошибка при добавлении канала-получателя
2025-09-19 02:17:24,406 [INFO] __main__: Ожидание ввода ID канала
2025-09-19 02:17:45,049 [INFO] __main__: Канал НОКАУТ × ММА добавлен
2025-09-19 02:18:09,715 [INFO] __main__: Канал-получатель chanel добавлен
2025-09-19 02:27:16,772 [INFO] __main__: GRAB - Запущен
2025-09-19 02:28:47,499 [INFO] __main__: GRAB - Запущен
2025-09-19 02:33:37,087 [INFO] __main__: GRAB - Запущен
2025-09-19 02:33:48,527 [INFO] __main__: Запрашиваем 10 сообщений из канала -1001654283201
2025-09-19 02:33:48,673 [INFO] __main__: Получено 10 сообщений из канала -1001654283201
2025-09-19 02:33:48,673 [INFO] __main__: Получено 10 сообщений для отправки
2025-09-19 02:33:48,674 [INFO] __main__: Создано 5 групп сообщений для отправки
2025-09-19 02:33:49,117 [INFO] __main__: Отправлен альбом из 6 сообщений
2025-09-19 02:33:49,384 [INFO] __main__: Отправлено сообщение 10703 из канала -1001654283201
2025-09-19 02:33:49,654 [INFO] __main__: Отправлено сообщение 10704 из канала -1001654283201
2025-09-19 02:33:49,922 [INFO] __main__: Отправлено сообщение 10705 из канала -1001654283201
2025-09-19 02:33:50,185 [INFO] __main__: Отправлено сообщение 10706 из канала -1001654283201
2025-09-19 02:33:50,287 [INFO] __main__: Всего отправлено 5 сообщений/групп
2025-09-19 02:34:32,530 [INFO] __main__: Запрашиваем 20 сообщений из канала -1001654283201
2025-09-19 02:34:32,748 [INFO] __main__: Получено 20 сообщений из канала -1001654283201
2025-09-19 02:34:32,749 [INFO] __main__: Получено 20 сообщений для отправки
2025-09-19 02:34:32,749 [INFO] __main__: Создано 12 групп сообщений для отправки
2025-09-19 02:34:32,911 [INFO] __main__: Отправлено сообщение 10687 из канала -1001654283201
2025-09-19 02:34:33,214 [INFO] __main__: Отправлен альбом из 2 сообщений
2025-09-19 02:34:33,516 [INFO] __main__: Отправлен альбом из 2 сообщений
2025-09-19 02:34:33,781 [INFO] __main__: Отправлено сообщение 10692 из канала -1001654283201
2025-09-19 02:34:34,047 [INFO] __main__: Отправлено сообщение 10693 из канала -1001654283201
2025-09-19 02:34:34,320 [INFO] __main__: Отправлено сообщение 10694 из канала -1001654283201
2025-09-19 02:34:34,634 [INFO] __main__: Отправлено сообщение 10695 из канала -1001654283201
2025-09-19 02:34:35,071 [INFO] __main__: Отправлен альбом из 7 сообщений
2025-09-19 02:34:35,340 [INFO] __main__: Отправлено сообщение 10703 из канала -1001654283201
2025-09-19 02:34:35,601 [INFO] __main__: Отправлено сообщение 10704 из канала -1001654283201
2025-09-19 02:34:35,864 [INFO] __main__: Отправлено сообщение 10705 из канала -1001654283201
2025-09-19 02:34:36,126 [INFO] __main__: Отправлено сообщение 10706 из канала -1001654283201
2025-09-19 02:34:36,229 [INFO] __main__: Всего отправлено 12 сообщений/групп
2025-09-19 02:36:35,477 [INFO] __main__: GRAB - Запущен
2025-09-19 02:36:39,477 [INFO] __main__: Запрашиваем 10 сообщений из канала -1001654283201
2025-09-19 02:36:39,609 [INFO] __main__: Получено 10 сообщений из канала -1001654283201
2025-09-19 02:36:39,609 [INFO] __main__: Получено 10 сообщений для отправки
2025-09-19 02:36:39,610 [INFO] __main__: Создано 5 постов: 1 альбомов, 4 одиночных постов
2025-09-19 02:36:39,610 [INFO] __main__: Всего сообщений в постах: 10
2025-09-19 02:36:39,959 [INFO] __main__: Отправлен альбом из 6 сообщений (считается как 1 пост)
2025-09-19 02:36:40,260 [INFO] __main__: Отправлен пост 10703 из канала -1001654283201
2025-09-19 02:36:40,532 [INFO] __main__: Отправлен пост 10704 из канала -1001654283201
2025-09-19 02:36:40,827 [INFO] __main__: Отправлен пост 10705 из канала -1001654283201
2025-09-19 02:36:41,088 [INFO] __main__: Отправлен пост 10706 из канала -1001654283201
2025-09-19 02:36:41,191 [INFO] __main__: Всего отправлено 5 постов
2025-09-19 02:38:43,577 [INFO] __main__: GRAB - Запущен
2025-09-19 02:39:05,146 [INFO] __main__: Запрашиваем 10 постов из канала -1001654283201
2025-09-19 02:39:05,364 [INFO] __main__: Получено 30 сообщений из канала -1001654283201
2025-09-19 02:39:05,365 [INFO] __main__: Получено 30 сообщений для отправки
2025-09-19 02:39:05,365 [INFO] __main__: Создано 10 постов: 2 альбомов, 8 одиночных постов
2025-09-19 02:39:05,365 [INFO] __main__: Всего сообщений в постах: 17
2025-09-19 02:39:05,524 [INFO] __main__: Отправлен пост 10706 из канала -1001654283201
2025-09-19 02:39:05,802 [INFO] __main__: Отправлен пост 10705 из канала -1001654283201
2025-09-19 02:39:06,093 [INFO] __main__: Отправлен пост 10704 из канала -1001654283201
2025-09-19 02:39:06,378 [INFO] __main__: Отправлен пост 10703 из канала -1001654283201
2025-09-19 02:39:06,812 [INFO] __main__: Отправлен альбом из 7 сообщений (считается как 1 пост)
2025-09-19 02:39:07,073 [INFO] __main__: Отправлен пост 10695 из канала -1001654283201
2025-09-19 02:39:07,342 [INFO] __main__: Отправлен пост 10694 из канала -1001654283201
2025-09-19 02:39:07,602 [INFO] __main__: Отправлен пост 10693 из канала -1001654283201
2025-09-19 02:39:07,875 [INFO] __main__: Отправлен пост 10692 из канала -1001654283201
2025-09-19 02:39:08,159 [INFO] __main__: Отправлен альбом из 2 сообщений (считается как 1 пост)
2025-09-19 02:39:08,260 [INFO] __main__: Всего отправлено 10 постов
2025-09-19 02:40:50,752 [INFO] __main__: GRAB - Запущен
2025-09-19 02:41:05,456 [INFO] __main__: Запрашиваем 10 постов из канала -1001654283201
2025-09-19 02:41:05,705 [INFO] __main__: Получено 30 сообщений из канала -1001654283201
2025-09-19 02:41:05,706 [INFO] __main__: Получено 30 сообщений для отправки
2025-09-19 02:41:05,706 [INFO] __main__: Создано 10 постов: 5 альбомов, 5 одиночных постов
2025-09-19 02:41:05,706 [INFO] __main__: Всего сообщений в постах: 17
2025-09-19 02:41:05,866 [INFO] __main__: Отправлен пост 10674 из канала -1001654283201
2025-09-19 02:41:06,126 [INFO] __main__: Отправлен пост 10677 из канала -1001654283201
2025-09-19 02:41:06,489 [INFO] __main__: Отправлен альбом из 4 сообщений (считается как 1 пост)
2025-09-19 02:41:06,751 [INFO] __main__: Отправлен пост 10683 из канала -1001654283201
2025-09-19 02:41:07,048 [INFO] __main__: Отправлен альбом из 2 сообщений (считается как 1 пост)
2025-09-19 02:41:07,340 [INFO] __main__: Отправлен альбом из 2 сообщений (считается как 1 пост)
2025-09-19 02:41:07,638 [INFO] __main__: Отправлен альбом из 2 сообщений (считается как 1 пост)
2025-09-19 02:41:07,939 [INFO] __main__: Отправлен альбом из 2 сообщений (считается как 1 пост)
2025-09-19 02:41:08,206 [INFO] __main__: Отправлен пост 10692 из канала -1001654283201
2025-09-19 02:41:08,464 [INFO] __main__: Отправлен пост 10693 из канала -1001654283201
2025-09-19 02:41:08,565 [INFO] __main__: Всего отправлено 10 постов
2025-09-19 02:41:40,856 [INFO] __main__: GRAB - Запущен
2025-09-19 02:41:50,841 [INFO] __main__: Запрашиваем 10 постов из канала -1001654283201
2025-09-19 02:41:51,072 [INFO] __main__: Получено 30 сообщений из канала -1001654283201
2025-09-19 02:41:51,072 [INFO] __main__: Получено 30 сообщений для отправки
2025-09-19 02:41:51,072 [INFO] __main__: Создано 10 постов: 5 альбомов, 5 одиночных постов
2025-09-19 02:41:51,072 [INFO] __main__: Всего сообщений в постах: 17
2025-09-19 02:41:51,206 [INFO] __main__: Отправлен пост 10674 из канала -1001654283201
2025-09-19 02:41:51,439 [INFO] __main__: Отправлен пост 10677 из канала -1001654283201
2025-09-19 02:41:51,786 [INFO] __main__: Отправлен альбом из 4 сообщений (считается как 1 пост)
2025-09-19 02:41:52,024 [INFO] __main__: Отправлен пост 10683 из канала -1001654283201
2025-09-19 02:41:52,289 [INFO] __main__: Отправлен альбом из 2 сообщений (считается как 1 пост)
2025-09-19 02:41:52,549 [INFO] __main__: Отправлен альбом из 2 сообщений (считается как 1 пост)
2025-09-19 02:41:52,847 [INFO] __main__: Отправлен альбом из 2 сообщений (считается как 1 пост)
2025-09-19 02:41:53,113 [INFO] __main__: Отправлен альбом из 2 сообщений (считается как 1 пост)
2025-09-19 02:41:53,353 [INFO] __main__: Отправлен пост 10692 из канала -1001654283201
2025-09-19 02:41:54,004 [INFO] __main__: Отправлен пост 10693 из канала -1001654283201
2025-09-19 02:41:54,105 [INFO] __main__: Всего отправлено 10 постов
2025-09-19 02:42:09,789 [INFO] __main__: GRAB - Запущен
2025-09-19 02:42:20,485 [INFO] __main__: Запрашиваем 10 постов из канала -1001654283201
2025-09-19 02:42:20,702 [INFO] __main__: Получено 30 сообщений из канала -1001654283201
2025-09-19 02:42:20,703 [INFO] __main__: Получено 30 сообщений для отправки
2025-09-19 02:42:20,703 [INFO] __main__: Создано 10 постов: 2 альбомов, 8 одиночных постов
2025-09-19 02:42:20,703 [INFO] __main__: Всего сообщений в постах: 17
2025-09-19 02:42:20,862 [INFO] __main__: Отправлен пост 10706 из канала -1001654283201
2025-09-19 02:42:21,116 [INFO] __main__: Отправлен пост 10705 из канала -1001654283201
2025-09-19 02:42:21,387 [INFO] __main__: Отправлен пост 10704 из канала -1001654283201
2025-09-19 02:42:21,651 [INFO] __main__: Отправлен пост 10703 из канала -1001654283201
2025-09-19 02:42:22,246 [INFO] __main__: Отправлен альбом из 7 сообщений (считается как 1 пост)
2025-09-19 02:42:22,507 [INFO] __main__: Отправлен пост 10695 из канала -1001654283201
2025-09-19 02:42:22,767 [INFO] __main__: Отправлен пост 10694 из канала -1001654283201
2025-09-19 02:42:23,347 [INFO] __main__: Отправлен пост 10693 из канала -1001654283201
2025-09-19 02:42:23,601 [INFO] __main__: Отправлен пост 10692 из канала -1001654283201
2025-09-19 02:42:23,888 [INFO] __main__: Отправлен альбом из 2 сообщений (считается как 1 пост)
2025-09-19 02:42:23,990 [INFO] __main__: Всего отправлено 10 постов
2025-09-19 02:43:42,899 [INFO] __main__: GRAB - Запущен
2025-09-19 02:43:57,198 [INFO] __main__: Запрашиваем 10 постов из канала -1001654283201
2025-09-19 02:43:57,444 [INFO] __main__: Получено 30 сообщений из канала -1001654283201
2025-09-19 02:43:57,445 [INFO] __main__: Получено 30 сообщений для отправки
2025-09-19 02:43:57,445 [INFO] __main__: Создано 10 постов: 5 альбомов, 5 одиночных постов
2025-09-19 02:43:57,445 [INFO] __main__: Всего сообщений в постах: 17
2025-09-19 02:43:57,600 [INFO] __main__: Отправлен пост 10693 из канала -1001654283201
2025-09-19 02:43:57,853 [INFO] __main__: Отправлен пост 10692 из канала -1001654283201
2025-09-19 02:43:58,140 [INFO] __main__: Отправлен альбом из 2 сообщений (считается как 1 пост)
2025-09-19 02:43:58,422 [INFO] __main__: Отправлен альбом из 2 сообщений (считается как 1 пост)
2025-09-19 02:43:58,703 [INFO] __main__: Отправлен альбом из 2 сообщений (считается как 1 пост)
2025-09-19 02:43:59,233 [INFO] __main__: Отправлен альбом из 2 сообщений (считается как 1 пост)
2025-09-19 02:43:59,490 [INFO] __main__: Отправлен пост 10683 из канала -1001654283201
2025-09-19 02:44:00,169 [INFO] __main__: Отправлен альбом из 4 сообщений (считается как 1 пост)
2025-09-19 02:44:00,674 [INFO] __main__: Отправлен пост 10677 из канала -1001654283201
2025-09-19 02:44:00,929 [INFO] __main__: Отправлен пост 10674 из канала -1001654283201
2025-09-19 02:44:01,030 [INFO] __main__: Всего отправлено 10 постов
2025-09-19 02:45:35,017 [INFO] __main__: GRAB - Запущен
2025-09-19 02:45:39,629 [INFO] __main__: Запрашиваем 10 постов из канала -1001654283201
2025-09-19 02:45:39,783 [INFO] __main__: Получено 30 сообщений из канала -1001654283201
2025-09-19 02:45:39,783 [INFO] __main__: Получено 30 сообщений для отправки
2025-09-19 02:45:39,783 [INFO] __main__: Создано 10 постов: 5 альбомов, 5 одиночных постов
2025-09-19 02:45:39,784 [INFO] __main__: Всего сообщений в постах: 17
2025-09-19 02:45:39,932 [INFO] __main__: Отправлен пост 10674 из канала -1001654283201
2025-09-19 02:45:40,196 [INFO] __main__: Отправлен пост 10677 из канала -1001654283201
2025-09-19 02:45:40,889 [INFO] __main__: Отправлен альбом из 4 сообщений (считается как 1 пост)
2025-09-19 02:45:41,131 [INFO] __main__: Отправлен пост 10683 из канала -1001654283201
2025-09-19 02:45:41,404 [INFO] __main__: Отправлен альбом из 2 сообщений (считается как 1 пост)
2025-09-19 02:45:41,717 [INFO] __main__: Отправлен альбом из 2 сообщений (считается как 1 пост)
2025-09-19 02:45:41,991 [INFO] __main__: Отправлен альбом из 2 сообщений (считается как 1 пост)
2025-09-19 02:45:42,271 [INFO] __main__: Отправлен альбом из 2 сообщений (считается как 1 пост)
2025-09-19 02:45:42,510 [INFO] __main__: Отправлен пост 10692 из канала -1001654283201
2025-09-19 02:45:42,758 [INFO] __main__: Отправлен пост 10693 из канала -1001654283201
2025-09-19 02:45:42,859 [INFO] __main__: Всего отправлено 10 постов
2025-09-19 02:45:54,507 [INFO] __main__: Запрашиваем 10 постов из канала -1001654283201
2025-09-19 02:45:54,959 [INFO] __main__: Получено 30 сообщений из канала -1001654283201
2025-09-19 02:45:54,960 [INFO] __main__: Получено 30 сообщений для отправки
2025-09-19 02:45:54,960 [INFO] __main__: Создано 10 постов: 5 альбомов, 5 одиночных постов
2025-09-19 02:45:54,960 [INFO] __main__: Всего сообщений в постах: 17
2025-09-19 02:45:55,100 [INFO] __main__: Отправлен пост 10674 из канала -1001654283201
2025-09-19 02:45:55,371 [INFO] __main__: Отправлен пост 10677 из канала -1001654283201
2025-09-19 02:45:56,067 [INFO] __main__: Отправлен альбом из 4 сообщений (считается как 1 пост)
2025-09-19 02:45:56,395 [INFO] __main__: Отправлен пост 10683 из канала -1001654283201
2025-09-19 02:45:56,676 [INFO] __main__: Отправлен альбом из 2 сообщений (считается как 1 пост)
2025-09-19 02:45:56,952 [INFO] __main__: Отправлен альбом из 2 сообщений (считается как 1 пост)
2025-09-19 02:45:57,229 [INFO] __main__: Отправлен альбом из 2 сообщений (считается как 1 пост)
2025-09-19 02:45:57,500 [INFO] __main__: Отправлен альбом из 2 сообщений (считается как 1 пост)
2025-09-19 02:45:57,741 [INFO] __main__: Отправлен пост 10692 из канала -1001654283201
2025-09-19 02:45:57,977 [INFO] __main__: Отправлен пост 10693 из канала -1001654283201
2025-09-19 02:45:58,078 [INFO] __main__: Всего отправлено 10 постов
2025-09-19 02:47:54,879 [INFO] __main__: GRAB - Запущен
2025-09-19 02:48:04,469 [INFO] __main__: Запрашиваем 10 постов из канала -1001654283201
2025-09-19 02:48:04,959 [INFO] __main__: Получено 30 сообщений из канала -1001654283201
2025-09-19 02:48:04,960 [INFO] __main__: Получено 30 сообщений для отправки
2025-09-19 02:48:04,960 [INFO] __main__: Создано 10 постов: 5 альбомов, 5 одиночных постов
2025-09-19 02:48:04,960 [INFO] __main__: Всего сообщений в постах: 17
2025-09-19 02:48:05,408 [INFO] __main__: Отправлен пост 10693 из канала -1001654283201
2025-09-19 02:48:05,670 [INFO] __main__: Отправлен пост 10692 из канала -1001654283201
2025-09-19 02:48:05,958 [INFO] __main__: Отправлен альбом из 2 сообщений (считается как 1 пост)
2025-09-19 02:48:06,260 [INFO] __main__: Отправлен альбом из 2 сообщений (считается как 1 пост)
2025-09-19 02:48:06,552 [INFO] __main__: Отправлен альбом из 2 сообщений (считается как 1 пост)
2025-09-19 02:48:06,846 [INFO] __main__: Отправлен альбом из 2 сообщений (считается как 1 пост)
2025-09-19 02:48:07,107 [INFO] __main__: Отправлен пост 10683 из канала -1001654283201
2025-09-19 02:48:07,454 [INFO] __main__: Отправлен альбом из 4 сообщений (считается как 1 пост)
2025-09-19 02:48:07,709 [INFO] __main__: Отправлен пост 10677 из канала -1001654283201
2025-09-19 02:48:08,231 [INFO] __main__: Отправлен пост 10674 из канала -1001654283201
2025-09-19 02:48:08,332 [INFO] __main__: Всего отправлено 10 постов
2025-09-19 02:49:04,100 [INFO] __main__: GRAB - Запущен
2025-09-19 02:49:11,530 [INFO] __main__: Запрашиваем 10 постов из канала -1001654283201
2025-09-19 02:49:11,731 [INFO] __main__: Получено 30 сообщений из канала -1001654283201
2025-09-19 02:49:11,732 [INFO] __main__: Получено 30 сообщений для отправки
2025-09-19 02:49:11,732 [INFO] __main__: Создано 10 постов: 5 альбомов, 5 одиночных постов
2025-09-19 02:49:11,732 [INFO] __main__: Всего сообщений в постах: 17
2025-09-19 02:49:11,891 [INFO] __main__: Отправлен пост 10674 из канала -1001654283201
2025-09-19 02:49:12,148 [INFO] __main__: Отправлен пост 10677 из канала -1001654283201
2025-09-19 02:49:12,829 [INFO] __main__: Отправлен альбом из 4 сообщений (считается как 1 пост)
2025-09-19 02:49:13,094 [INFO] __main__: Отправлен пост 10683 из канала -1001654283201
2025-09-19 02:49:13,382 [INFO] __main__: Отправлен альбом из 2 сообщений (считается как 1 пост)
2025-09-19 02:49:13,668 [INFO] __main__: Отправлен альбом из 2 сообщений (считается как 1 пост)
2025-09-19 02:49:14,293 [INFO] __main__: Отправлен альбом из 2 сообщений (считается как 1 пост)
2025-09-19 02:49:14,585 [INFO] __main__: Отправлен альбом из 2 сообщений (считается как 1 пост)
2025-09-19 02:49:14,841 [INFO] __main__: Отправлен пост 10692 из канала -1001654283201
2025-09-19 02:49:15,100 [INFO] __main__: Отправлен пост 10693 из канала -1001654283201
2025-09-19 02:49:15,202 [INFO] __main__: Всего отправлено 10 постов
2025-09-19 02:53:25,338 [INFO] __main__: GRAB - Запущен
2025-09-19 02:57:28,788 [INFO] __main__: GRAB - Запущен
2025-09-19 02:59:42,386 [INFO] __main__: GRAB - Запущен
2025-09-19 03:08:40,306 [INFO] __main__: GRAB - Запущен
2025-09-19 03:09:24,905 [INFO] __main__: GRAB - Запущен
2025-09-19 03:10:07,474 [INFO] __main__: GRAB - Запущен
2025-09-19 03:10:44,294 [INFO] __main__: GRAB - Запущен
2025-09-19 03:12:09,673 [INFO] __main__: GRAB - Запущен
2025-09-19 03:12:40,358 [INFO] __main__: GRAB - Запущен
2025-09-19 03:13:09,924 [INFO] __main__: GRAB - Запущен
2025-09-19 03:14:00,705 [INFO] __main__: GRAB - Запущен
2025-09-19 03:14:32,721 [INFO] __main__: GRAB - Запущен
2025-09-19 03:15:55,121 [INFO] __main__: GRAB - Запущен
2025-09-19 03:17:46,660 [INFO] __main__: GRAB - Запущен
2025-09-19 03:20:47,158 [INFO] __main__: GRAB - Запущен
2025-09-19 03:21:29,530 [INFO] __main__: GRAB - Запущен
2025-09-19 03:22:09,868 [INFO] __main__: GRAB - Запущен
2025-09-19 03:25:48,786 [INFO] __main__: GRAB - Запущен
2025-09-19 03:27:48,823 [INFO] __main__: GRAB - Запущен
2025-09-19 03:30:42,795 [INFO] __main__: GRAB - Запущен
2025-09-19 03:36:24,692 [INFO] __main__: GRAB - Запущен
2025-09-19 03:37:07,367 [INFO] __main__: GRAB - Запущен
2025-09-19 03:37:36,791 [INFO] __main__: GRAB - Запущен
2025-09-19 03:38:15,116 [INFO] __main__: GRAB - Запущен
2025-09-19 03:39:39,470 [INFO] __main__: GRAB - Запущен
2025-09-19 03:42:05,904 [INFO] __main__: GRAB - Запущен
2025-09-19 03:47:59,999 [INFO] __main__: GRAB - Запущен
2025-09-19 03:48:38,035 [INFO] __main__: GRAB - Запущен
2025-09-19 03:49:13,038 [INFO] __main__: GRAB - Запущен
2025-09-19 03:49:44,367 [INFO] __main__: GRAB - Запущен
2025-09-19 03:50:45,818 [INFO] __main__: GRAB - Запущен
2025-09-19 03:58:31,313 [INFO] __main__: GRAB - Запущен
2025-09-19 04:05:08,088 [INFO] __main__: GRAB - Запущен
2025-09-19 04:06:01,586 [INFO] __main__: GRAB - Запущен
2025-09-19 04:06:18,329 [INFO] __main__: GRAB - Запущен
2025-09-19 04:06:27,136 [INFO] __main__: GRAB - Запущен
2025-09-19 04:06:47,636 [INFO] __main__: GRAB - Запущен
2025-09-19 04:07:14,687 [INFO] __main__: GRAB - Запущен
2025-09-19 04:07:38,005 [INFO] __main__: GRAB - Запущен
2025-09-19 04:08:02,392 [INFO] __main__: GRAB - Запущен
2025-09-19 04:08:05,934 [INFO] __main__: GRAB - Запущен
2025-09-19 04:08:08,525 [INFO] __main__: GRAB - Запущен
2025-09-19 04:08:11,335 [INFO] __main__: GRAB - Запущен
2025-09-19 04:08:15,784 [INFO] __main__: GRAB - Запущен
2025-09-19 04:09:11,977 [INFO] __main__: GRAB - Запущен
2025-09-19 04:12:53,678 [INFO] __main__: GRAB - Запущен
2025-09-19 04:15:39,031 [INFO] __main__: GRAB - Запущен
2025-09-19 04:17:48,613 [INFO] __main__: GRAB - Запущен
2025-09-19 04:19:31,329 [INFO] __main__: GRAB - Запущен
2025-09-19 04:22:10,381 [INFO] __main__: GRAB - Запущен
2025-09-19 04:23:45,355 [INFO] __main__: GRAB - Запущен
2025-09-19 04:25:40,973 [INFO] __main__: GRAB - Запущен
2025-09-19 04:26:18,916 [INFO] __main__: GRAB - Запущен
2025-09-19 04:27:24,778 [INFO] __main__: GRAB - Запущен
2025-09-19 04:27:53,545 [INFO] __main__: GRAB - Запущен
2025-09-19 04:29:28,010 [INFO] __main__: GRAB - Запущен
2025-09-19 04:31:12,061 [INFO] __main__: GRAB - Запущен
2025-09-19 04:31:28,909 [INFO] __main__: GRAB - Запущен
2025-09-19 04:33:39,734 [INFO] __main__: GRAB - Запущен
2025-09-19 04:42:35,383 [INFO] __main__: GRAB - Запущен
2025-09-19 04:46:41,325 [INFO] __main__: GRAB - Запущен
2025-09-19 04:47:03,202 [INFO] __main__: GRAB - Запущен
2025-09-19 04:47:16,471 [INFO] __main__: GRAB - Запущен
2025-09-19 04:47:55,586 [INFO] __main__: GRAB - Запущен
2025-09-19 04:59:34,677 [INFO] __main__: GRAB - Запущен
2025-09-19 04:59:55,808 [INFO] __main__: GRAB - Запущен
2025-09-19 05:02:50,729 [INFO] __main__: GRAB - Запущен
2025-09-19 05:05:43,322 [INFO] __main__: GRAB - Запущен
2025-09-19 05:07:04,124 [INFO] __main__: GRAB - Запущен
2025-09-19 05:12:41,115 [INFO] __main__: GRAB - Запущен
2025-09-19 05:14:10,128 [INFO] __main__: GRAB - Запущен
2025-09-19 05:16:41,932 [INFO] __main__: GRAB - Запущен
2025-09-19 05:19:03,524 [INFO] __main__: GRAB - Запущен
2025-09-19 05:27:37,406 [INFO] __main__: GRAB - Запущен
2025-09-19 05:29:09,724 [INFO] __main__: GRAB - Запущен
2025-09-19 05:30:58,125 [INFO] __main__: Ожидание ввода ID канала
2025-09-19 05:31:12,678 [INFO] __main__: Канал techchanel добавлен
2025-09-19 05:31:21,130 [INFO] __main__: Ожидание ввода ID канала
2025-09-19 05:31:27,223 [ERROR] __main__: Ошибка при добавлении канала
2025-09-19 05:32:10,679 [INFO] __main__: Канал-получатель chanel добавлен
2025-09-19 05:38:22,856 [INFO] __main__: GRAB - Запущен
2025-09-19 05:38:39,573 [INFO] __main__: Получено сообщение из канала: -1003027929238, Текст: s
2025-09-19 05:38:39,574 [INFO] __main__: Пересылаем сообщение в канал -1002729972482
2025-09-19 05:38:39,730 [INFO] __main__: Сообщение успешно переслано из канала -1003027929238 в канал -1002729972482
2025-09-19 05:38:39,731 [INFO] __main__: Получено сообщение из канала: -1003027929238, Текст: s
2025-09-19 05:38:39,731 [INFO] __main__: Пересылаем сообщение в канал -1002729972482
2025-09-19 05:38:39,888 [INFO] __main__: Сообщение успешно переслано из канала -1003027929238 в канал -1002729972482
2025-09-19 05:38:40,080 [INFO] __main__: Получено сообщение из канала: -1003027929238, Текст: d
2025-09-19 05:38:40,080 [INFO] __main__: Пересылаем сообщение в канал -1002729972482
2025-09-19 05:38:40,236 [INFO] __main__: Сообщение успешно переслано из канала -1003027929238 в канал -1002729972482
2025-09-19 05:38:40,236 [INFO] __main__: Получено сообщение из канала: -1003027929238, Текст: d
2025-09-19 05:38:40,236 [INFO] __main__: Пересылаем сообщение в канал -1002729972482
2025-09-19 05:38:40,391 [INFO] __main__: Сообщение успешно переслано из канала -1003027929238 в канал -1002729972482
2025-09-19 05:38:40,948 [INFO] __main__: Получено сообщение из канала: -1003027929238, Текст: f
2025-09-19 05:38:40,949 [INFO] __main__: Пересылаем сообщение в канал -1002729972482
2025-09-19 05:38:41,105 [INFO] __main__: Сообщение успешно переслано из канала -1003027929238 в канал -1002729972482
2025-09-19 05:38:41,105 [INFO] __main__: Получено сообщение из канала: -1003027929238, Текст: f
2025-09-19 05:38:41,106 [INFO] __main__: Пересылаем сообщение в канал -1002729972482
2025-09-19 05:38:41,265 [INFO] __main__: Сообщение успешно переслано из канала -1003027929238 в канал -1002729972482
2025-09-19 05:38:41,649 [INFO] __main__: Получено сообщение из канала: -1003027929238, Текст: g
2025-09-19 05:38:41,649 [INFO] __main__: Пересылаем сообщение в канал -1002729972482
2025-09-19 05:38:41,804 [INFO] __main__: Сообщение успешно переслано из канала -1003027929238 в канал -1002729972482
2025-09-19 05:38:41,804 [INFO] __main__: Получено сообщение из канала: -1003027929238, Текст: g
2025-09-19 05:38:41,805 [INFO] __main__: Пересылаем сообщение в канал -1002729972482
2025-09-19 05:38:41,955 [INFO] __main__: Сообщение успешно переслано из канала -1003027929238 в канал -1002729972482
2025-09-19 05:38:42,197 [INFO] __main__: Получено сообщение из канала: -1003027929238, Текст: h
2025-09-19 05:38:42,197 [INFO] __main__: Пересылаем сообщение в канал -1002729972482
2025-09-19 05:38:42,354 [INFO] __main__: Сообщение успешно переслано из канала -1003027929238 в канал -1002729972482
2025-09-19 05:38:42,354 [INFO] __main__: Получено сообщение из канала: -1003027929238, Текст: h
2025-09-19 05:38:42,354 [INFO] __main__: Пересылаем сообщение в канал -1002729972482
2025-09-19 05:38:42,511 [INFO] __main__: Сообщение успешно переслано из канала -1003027929238 в канал -1002729972482
2025-09-19 05:38:42,780 [INFO] __main__: Получено сообщение из канала: -1003027929238, Текст: j
2025-09-19 05:38:42,781 [INFO] __main__: Пересылаем сообщение в канал -1002729972482
2025-09-19 05:38:42,934 [INFO] __main__: Сообщение успешно переслано из канала -1003027929238 в канал -1002729972482
2025-09-19 05:38:42,934 [INFO] __main__: Получено сообщение из канала: -1003027929238, Текст: j
2025-09-19 05:38:42,935 [INFO] __main__: Пересылаем сообщение в канал -1002729972482
2025-09-19 05:38:43,087 [INFO] __main__: Сообщение успешно переслано из канала -1003027929238 в канал -1002729972482
2025-09-19 05:38:43,354 [INFO] __main__: Получено сообщение из канала: -1003027929238, Текст: k
2025-09-19 05:38:43,354 [INFO] __main__: Пересылаем сообщение в канал -1002729972482
2025-09-19 05:38:43,506 [INFO] __main__: Сообщение успешно переслано из канала -1003027929238 в канал -1002729972482
2025-09-19 05:38:43,507 [INFO] __main__: Получено сообщение из канала: -1003027929238, Текст: k
2025-09-19 05:38:43,507 [INFO] __main__: Пересылаем сообщение в канал -1002729972482
2025-09-19 05:38:43,663 [INFO] __main__: Сообщение успешно переслано из канала -1003027929238 в канал -1002729972482
2025-09-19 05:38:43,910 [INFO] __main__: Получено сообщение из канала: -1003027929238, Текст: l
2025-09-19 05:38:43,911 [INFO] __main__: Пересылаем сообщение в канал -1002729972482
2025-09-19 05:38:44,068 [INFO] __main__: Сообщение успешно переслано из канала -1003027929238 в канал -1002729972482
2025-09-19 05:38:44,068 [INFO] __main__: Получено сообщение из канала: -1003027929238, Текст: l
2025-09-19 05:38:44,068 [INFO] __main__: Пересылаем сообщение в канал -1002729972482
2025-09-19 05:38:44,224 [INFO] __main__: Сообщение успешно переслано из канала -1003027929238 в канал -1002729972482
2025-09-19 05:38:44,416 [INFO] __main__: Получено сообщение из канала: -1003027929238, Текст: ;
2025-09-19 05:38:44,416 [INFO] __main__: Пересылаем сообщение в канал -1002729972482
2025-09-19 05:38:44,575 [INFO] __main__: Сообщение успешно переслано из канала -1003027929238 в канал -1002729972482
2025-09-19 05:38:44,576 [INFO] __main__: Получено сообщение из канала: -1003027929238, Текст: ;
2025-09-19 05:38:44,576 [INFO] __main__: Пересылаем сообщение в канал -1002729972482
2025-09-19 05:38:44,729 [INFO] __main__: Сообщение успешно переслано из канала -1003027929238 в канал -1002729972482
2025-09-19 05:38:53,747 [INFO] __main__: Получено сообщение из канала: -1003027929238, Текст: пошел на хуй
2025-09-19 05:38:53,748 [INFO] __main__: Пересылаем сообщение в канал -1002729972482
2025-09-19 05:38:53,898 [INFO] __main__: Сообщение успешно переслано из канала -1003027929238 в канал -1002729972482
2025-09-19 05:38:53,899 [INFO] __main__: Получено сообщение из канала: -1003027929238, Текст: пошел на хуй
2025-09-19 05:38:53,899 [INFO] __main__: Пересылаем сообщение в канал -1002729972482
2025-09-19 05:38:54,059 [INFO] __main__: Сообщение успешно переслано из канала -1003027929238 в канал -1002729972482
2025-09-19 05:38:56,973 [INFO] __main__: Получено сообщение из канала: -1003027929238, Текст: лох
2025-09-19 05:38:56,973 [INFO] __main__: Пересылаем сообщение в канал -1002729972482
2025-09-19 05:38:57,131 [INFO] __main__: Сообщение успешно переслано из канала -1003027929238 в канал -1002729972482
2025-09-19 05:38:57,131 [INFO] __main__: Получено сообщение из канала: -1003027929238, Текст: лох
2025-09-19 05:38:57,132 [INFO] __main__: Пересылаем сообщение в канал -1002729972482
2025-09-19 05:38:57,286 [INFO] __main__: Сообщение успешно переслано из канала -1003027929238 в канал -1002729972482
2025-09-19 05:42:05,317 [INFO] __main__: Получено сообщение из канала: -1003027929238, Текст: ыв
2025-09-19 05:42:05,318 [INFO] __main__: Пересылаем сообщение в канал -1002729972482
2025-09-19 05:42:05,477 [INFO] __main__: Сообщение успешно переслано из канала -1003027929238 в канал -1002729972482
2025-09-19 05:42:05,477 [INFO] __main__: Получено сообщение из канала: -1003027929238, Текст: ыв
2025-09-19 05:42:05,478 [INFO] __main__: Пересылаем сообщение в канал -1002729972482
2025-09-19 05:42:05,676 [INFO] __main__: Сообщение успешно переслано из канала -1003027929238 в канал -1002729972482
2025-09-19 05:42:54,378 [INFO] __main__: Получено сообщение из канала: -1003027929238, Текст: о
2025-09-19 05:42:54,378 [INFO] __main__: Пересылаем сообщение в канал -1002729972482
2025-09-19 05:42:54,535 [INFO] __main__: Сообщение успешно переслано из канала -1003027929238 в канал -1002729972482
2025-09-19 05:42:54,535 [INFO] __main__: Получено сообщение из канала: -1003027929238, Текст: о
2025-09-19 05:42:54,535 [INFO] __main__: Пересылаем сообщение в канал -1002729972482
2025-09-19 05:42:54,719 [INFO] __main__: Сообщение успешно переслано из канала -1003027929238 в канал -1002729972482
2025-09-19 05:42:55,260 [INFO] __main__: Получено сообщение из канала: -1003027929238, Текст: л
2025-09-19 05:42:55,260 [INFO] __main__: Пересылаем сообщение в канал -1002729972482
2025-09-19 05:42:55,419 [INFO] __main__: Сообщение успешно переслано из канала -1003027929238 в канал -1002729972482
2025-09-19 05:42:55,419 [INFO] __main__: Получено сообщение из канала: -1003027929238, Текст: л
2025-09-19 05:42:55,420 [INFO] __main__: Пересылаем сообщение в канал -1002729972482
2025-09-19 05:42:55,581 [INFO] __main__: Сообщение успешно переслано из канала -1003027929238 в канал -1002729972482
2025-09-19 05:46:36,503 [INFO] __main__: Получено сообщение из канала: -1003027929238, Текст: вы
2025-09-19 05:46:36,504 [INFO] __main__: Пересылаем сообщение в канал -1002729972482
2025-09-19 05:46:36,657 [INFO] __main__: Сообщение успешно переслано из канала -1003027929238 в канал -1002729972482
2025-09-19 05:46:36,658 [INFO] __main__: Получено сообщение из канала: -1003027929238, Текст: вы
2025-09-19 05:46:36,658 [INFO] __main__: Пересылаем сообщение в канал -1002729972482
2025-09-19 05:46:36,837 [INFO] __main__: Сообщение успешно переслано из канала -1003027929238 в канал -1002729972482
2025-09-19 05:46:37,416 [INFO] __main__: Получено сообщение из канала: -1003027929238, Текст: вы
2025-09-19 05:46:37,417 [INFO] __main__: Пересылаем сообщение в канал -1002729972482
2025-09-19 05:46:37,581 [INFO] __main__: Сообщение успешно переслано из канала -1003027929238 в канал -1002729972482
2025-09-19 05:46:37,581 [INFO] __main__: Получено сообщение из канала: -1003027929238, Текст: вы
2025-09-19 05:46:37,582 [INFO] __main__: Пересылаем сообщение в канал -1002729972482
2025-09-19 05:46:37,738 [INFO] __main__: Сообщение успешно переслано из канала -1003027929238 в канал -1002729972482
2025-09-19 05:46:38,119 [INFO] __main__: Получено сообщение из канала: -1003027929238, Текст: вы
2025-09-19 05:46:38,129 [INFO] __main__: Пересылаем сообщение в канал -1002729972482
2025-09-19 05:46:38,304 [INFO] __main__: Сообщение успешно переслано из канала -1003027929238 в канал -1002729972482
2025-09-19 05:46:38,304 [INFO] __main__: Получено сообщение из канала: -1003027929238, Текст: вы
2025-09-19 05:46:38,305 [INFO] __main__: Пересылаем сообщение в канал -1002729972482
2025-09-19 05:46:38,478 [INFO] __main__: Сообщение успешно переслано из канала -1003027929238 в канал -1002729972482
2025-09-19 05:46:42,892 [INFO] __main__: Получено сообщение из канала: -1003027929238, Текст: фывфыв\
2025-09-19 05:46:42,892 [INFO] __main__: Пересылаем сообщение в канал -1002729972482
2025-09-19 05:46:43,045 [INFO] __main__: Сообщение успешно переслано из канала -1003027929238 в канал -1002729972482
2025-09-19 05:46:43,046 [INFO] __main__: Получено сообщение из канала: -1003027929238, Текст: фывфыв\
2025-09-19 05:46:43,046 [INFO] __main__: Пересылаем сообщение в канал -1002729972482
2025-09-19 05:46:43,207 [INFO] __main__: Сообщение успешно переслано из канала -1003027929238 в канал -1002729972482
2025-09-19 05:46:43,683 [INFO] __main__: Получено сообщение из канала: -1003027929238, Текст: фыв
2025-09-19 05:46:43,690 [INFO] __main__: Пересылаем сообщение в канал -1002729972482
2025-09-19 05:46:43,848 [INFO] __main__: Сообщение успешно переслано из канала -1003027929238 в канал -1002729972482
2025-09-19 05:46:43,848 [INFO] __main__: Получено сообщение из канала: -1003027929238, Текст: фыв
2025-09-19 05:46:43,849 [INFO] __main__: Пересылаем сообщение в канал -1002729972482
2025-09-19 05:46:44,018 [INFO] __main__: Сообщение успешно переслано из канала -1003027929238 в канал -1002729972482
2025-09-19 05:46:44,502 [INFO] __main__: Получено сообщение из канала: -1003027929238, Текст: фыфыв
2025-09-19 05:46:44,502 [INFO] __main__: Пересылаем сообщение в канал -1002729972482
2025-09-19 05:46:44,653 [INFO] __main__: Сообщение успешно переслано из канала -1003027929238 в канал -1002729972482
2025-09-19 05:46:44,653 [INFO] __main__: Получено сообщение из канала: -1003027929238, Текст: фыфыв
2025-09-19 05:46:44,654 [INFO] __main__: Пересылаем сообщение в канал -1002729972482
2025-09-19 05:46:44,805 [INFO] __main__: Сообщение успешно переслано из канала -1003027929238 в канал -1002729972482
2025-09-19 05:52:49,071 [INFO] __main__: Получено сообщение из канала: -1003027929238, Текст: https://t.me/+e6GyKFEr5qA3NjEy
2025-09-19 05:52:49,071 [INFO] __main__: Пересылаем сообщение в канал -1002729972482
2025-09-19 05:52:49,072 [ERROR] __main__: Ошибка при пересылке сообщения из канала -1003027929238: Cannot use <telethon.tl.types.MessageMediaWebPage object at 0x7f43beae9270> as file
2025-09-19 05:52:49,072 [INFO] __main__: Получено сообщение из канала: -1003027929238, Текст: https://t.me/+e6GyKFEr5qA3NjEy
2025-09-19 05:52:49,072 [INFO] __main__: Пересылаем сообщение в канал -1002729972482
2025-09-19 05:52:49,072 [ERROR] __main__: Ошибка при пересылке сообщения из канала -1003027929238: Cannot use <telethon.tl.types.MessageMediaWebPage object at 0x7f43beae9270> as file
2025-09-19 05:53:17,584 [INFO] __main__: Получено сообщение из канала: -1003027929238, Текст: https://t.me/+e6GyKFEr5qA3NjEy
2025-09-19 05:53:17,585 [INFO] __main__: Пересылаем сообщение в канал -1002729972482
2025-09-19 05:53:17,585 [ERROR] __main__: Ошибка при пересылке сообщения из канала -1003027929238: Cannot use <telethon.tl.types.MessageMediaWebPage object at 0x7f43beb6e530> as file
2025-09-19 05:53:17,585 [INFO] __main__: Получено сообщение из канала: -1003027929238, Текст: https://t.me/+e6GyKFEr5qA3NjEy
2025-09-19 05:53:17,585 [INFO] __main__: Пересылаем сообщение в канал -1002729972482
2025-09-19 05:53:17,586 [ERROR] __main__: Ошибка при пересылке сообщения из канала -1003027929238: Cannot use <telethon.tl.types.MessageMediaWebPage object at 0x7f43beb6e530> as file
2025-09-19 06:05:10,964 [INFO] __main__: GRAB - Запущен
2025-09-19 06:05:15,473 [INFO] __main__: Получено сообщение из канала: -1003027929238, Текст: True Fight
2025-09-19 06:05:15,473 [INFO] __main__: Пересылаем сообщение в канал -1002729972482
2025-09-19 06:05:15,474 [INFO] __main__: Получено сообщение из канала: -1003027929238, Текст: True Fight
2025-09-19 06:05:15,474 [INFO] __main__: Пересылаем сообщение в канал -1002729972482
2025-09-19 06:05:15,739 [INFO] __main__: Сообщение успешно переслано из канала -1003027929238 в канал -1002729972482
2025-09-19 06:05:15,740 [INFO] __main__: Получено сообщение из канала: -1003027929238, Текст: True Fight
2025-09-19 06:05:15,740 [INFO] __main__: Пересылаем сообщение в канал -1002729972482
2025-09-19 06:05:15,742 [INFO] __main__: Сообщение успешно переслано из канала -1003027929238 в канал -1002729972482
2025-09-19 06:05:15,742 [INFO] __main__: Получено сообщение из канала: -1003027929238, Текст: True Fight
2025-09-19 06:05:15,742 [INFO] __main__: Пересылаем сообщение в канал -1002729972482
2025-09-19 06:05:15,941 [INFO] __main__: Сообщение успешно переслано из канала -1003027929238 в канал -1002729972482
2025-09-19 06:05:15,942 [INFO] __main__: Сообщение успешно переслано из канала -1003027929238 в канал -1002729972482
2025-09-19 06:06:38,971 [INFO] __main__: Получено сообщение из канала: -1003027929238, Текст: [true](https://t.me/+e6GyKFEr5qA3NjEy)
2025-09-19 06:06:38,971 [INFO] __main__: Пересылаем сообщение в канал -1002729972482
2025-09-19 06:06:38,972 [ERROR] __main__: Ошибка при пересылке сообщения из канала -1003027929238: Cannot use <telethon.tl.types.MessageMediaWebPage object at 0x7f4a0516b400> as file
2025-09-19 06:06:38,972 [INFO] __main__: Получено сообщение из канала: -1003027929238, Текст: [true](https://t.me/+e6GyKFEr5qA3NjEy)
2025-09-19 06:06:38,972 [INFO] __main__: Пересылаем сообщение в канал -1002729972482
2025-09-19 06:06:38,972 [ERROR] __main__: Ошибка при пересылке сообщения из канала -1003027929238: Cannot use <telethon.tl.types.MessageMediaWebPage object at 0x7f4a0516b400> as file
2025-09-19 06:19:01,706 [INFO] __main__: GRAB - Запущен
2025-09-19 06:19:14,659 [INFO] __main__: Получено сообщение из канала: -1003027929238, Текст: [true](https://t.me/+e6GyKFEr5qA3NjEy)
2025-09-19 06:19:14,659 [INFO] __main__: Пересылаем сообщение в канал -1002729972482
2025-09-19 06:19:14,660 [INFO] __main__: Получено сообщение из канала: -1003027929238, Текст: m
2025-09-19 06:19:14,660 [INFO] __main__: Пересылаем сообщение в канал -1002729972482
2025-09-19 06:19:14,824 [INFO] __main__: Сообщение успешно переслано из канала -1003027929238 в канал -1002729972482
2025-09-19 06:19:14,824 [INFO] __main__: Получено сообщение из канала: -1003027929238, Текст: m
2025-09-19 06:19:14,825 [INFO] __main__: Пересылаем сообщение в канал -1002729972482
2025-09-19 06:19:14,835 [INFO] __main__: Сообщение успешно переслано из канала -1003027929238 в канал -1002729972482
2025-09-19 06:19:14,835 [INFO] __main__: Получено сообщение из канала: -1003027929238, Текст: [true](https://t.me/+e6GyKFEr5qA3NjEy)
2025-09-19 06:19:14,835 [INFO] __main__: Пересылаем сообщение в канал -1002729972482
2025-09-19 06:19:14,836 [ERROR] __main__: Ошибка при пересылке сообщения из канала -1003027929238: Cannot use <telethon.tl.types.MessageMediaWebPage object at 0x7fbc11c87070> as file
2025-09-19 06:19:14,977 [INFO] __main__: Сообщение успешно переслано из канала -1003027929238 в канал -1002729972482
2025-09-19 06:20:00,422 [INFO] __main__: Получено сообщение из канала: -1003027929238, Текст: https://t.me/+e6GyKFEr5qA3NjEy
2025-09-19 06:20:00,423 [INFO] __main__: Пересылаем сообщение в канал -1002729972482
2025-09-19 06:20:00,584 [INFO] __main__: Сообщение успешно переслано из канала -1003027929238 в канал -1002729972482
2025-09-19 06:20:00,584 [INFO] __main__: Получено сообщение из канала: -1003027929238, Текст: https://t.me/+e6GyKFEr5qA3NjEy
2025-09-19 06:20:00,585 [INFO] __main__: Пересылаем сообщение в канал -1002729972482
2025-09-19 06:20:00,585 [ERROR] __main__: Ошибка при пересылке сообщения из канала -1003027929238: Cannot use <telethon.tl.types.MessageMediaWebPage object at 0x7fbc11c86f20> as file
2025-09-19 06:20:22,903 [INFO] __main__: Получено сообщение из канала: -1003027929238, Текст: https://t.me/+e6GyKFEr5qA3NjEy
2025-09-19 06:20:22,903 [INFO] __main__: Пересылаем сообщение в канал -1002729972482
2025-09-19 06:20:23,063 [INFO] __main__: Сообщение успешно переслано из канала -1003027929238 в канал -1002729972482
2025-09-19 06:20:23,064 [INFO] __main__: Получено сообщение из канала: -1003027929238, Текст: https://t.me/+e6GyKFEr5qA3NjEy
2025-09-19 06:20:23,064 [INFO] __main__: Пересылаем сообщение в канал -1002729972482
2025-09-19 06:20:23,064 [ERROR] __main__: Ошибка при пересылке сообщения из канала -1003027929238: Cannot use <telethon.tl.types.MessageMediaWebPage object at 0x7fbc11c87f40> as file
2025-09-19 06:25:50,385 [INFO] __main__: Получено сообщение из канала: -1003027929238, Текст: https://t.me/+e6GyKFEr5qA3NjEy
2025-09-19 06:25:50,385 [INFO] __main__: Пересылаем сообщение в канал -1002729972482
2025-09-19 06:25:50,547 [INFO] __main__: Сообщение успешно переслано из канала -1003027929238 в канал -1002729972482
2025-09-19 06:25:50,547 [INFO] __main__: Получено сообщение из канала: -1003027929238, Текст: https://t.me/+e6GyKFEr5qA3NjEy
2025-09-19 06:25:50,548 [INFO] __main__: Пересылаем сообщение в канал -1002729972482
2025-09-19 06:25:50,548 [ERROR] __main__: Ошибка при пересылке сообщения из канала -1003027929238: Cannot use <telethon.tl.types.MessageMediaWebPage object at 0x7fbc11c86500> as file
2025-09-19 06:26:11,649 [INFO] __main__: Получено сообщение из канала: -1003027929238, Текст: https://t.me/+e6GyKFEr5qA3NjEy
2025-09-19 06:26:11,650 [INFO] __main__: Пересылаем сообщение в канал -1002729972482
2025-09-19 06:26:11,812 [INFO] __main__: Сообщение успешно переслано из канала -1003027929238 в канал -1002729972482
2025-09-19 06:26:11,812 [INFO] __main__: Получено сообщение из канала: -1003027929238, Текст: https://t.me/+e6GyKFEr5qA3NjEy
2025-09-19 06:26:11,812 [INFO] __main__: Пересылаем сообщение в канал -1002729972482
2025-09-19 06:26:11,812 [ERROR] __main__: Ошибка при пересылке сообщения из канала -1003027929238: Cannot use <telethon.tl.types.MessageMediaWebPage object at 0x7fbc11c86b30> as file
2025-09-19 06:26:55,889 [INFO] __main__: GRAB - Запущен
2025-09-19 06:27:03,121 [INFO] __main__: Получено сообщение из канала: -1003027929238, Текст: https://t.me/+e6GyKFEr5qA3NjEy
2025-09-19 06:27:03,122 [INFO] __main__: Пересылаем сообщение в канал -1002729972482
2025-09-19 06:27:03,258 [INFO] __main__: Сообщение успешно переслано из канала -1003027929238 в канал -1002729972482
2025-09-19 06:27:03,258 [INFO] __main__: Получено сообщение из канала: -1003027929238, Текст: https://t.me/+e6GyKFEr5qA3NjEy
2025-09-19 06:27:03,259 [INFO] __main__: Пересылаем сообщение в канал -1002729972482
2025-09-19 06:27:03,259 [ERROR] __main__: Ошибка при пересылке сообщения из канала -1003027929238: Cannot use <telethon.tl.types.MessageMediaWebPage object at 0x7f23bf286020> as file
2025-09-19 06:29:24,219 [INFO] __main__: GRAB - Запущен
2025-09-19 06:29:36,565 [INFO] __main__: Получено сообщение из канала: -1003027929238, Текст: https://t.me/+e6GyKFEr5qA3NjEy
2025-09-19 06:29:36,565 [INFO] __main__: Пересылаем сообщение в канал -1002729972482
2025-09-19 06:29:36,730 [INFO] __main__: Сообщение успешно переслано из канала -1003027929238 в канал -1002729972482
2025-09-19 06:29:36,731 [INFO] __main__: Получено сообщение из канала: -1003027929238, Текст: https://t.me/+e6GyKFEr5qA3NjEy
2025-09-19 06:29:36,731 [INFO] __main__: Пересылаем сообщение в канал -1002729972482
2025-09-19 06:29:36,731 [ERROR] __main__: Ошибка при пересылке сообщения из канала -1003027929238: Cannot use <telethon.tl.types.MessageMediaWebPage object at 0x7f4363736860> as file
2025-09-19 06:29:44,391 [INFO] __main__: Получено сообщение из канала: -1003027929238, Текст: https://t.me/+e6GyKFEr5qA3NjEy ыыы
2025-09-19 06:29:44,391 [INFO] __main__: Пересылаем сообщение в канал -1002729972482
2025-09-19 06:29:44,551 [INFO] __main__: Сообщение успешно переслано из канала -1003027929238 в канал -1002729972482
2025-09-19 06:29:44,552 [INFO] __main__: Получено сообщение из канала: -1003027929238, Текст: https://t.me/+e6GyKFEr5qA3NjEy ыыы
2025-09-19 06:29:44,552 [INFO] __main__: Пересылаем сообщение в канал -1002729972482
2025-09-19 06:29:44,552 [ERROR] __main__: Ошибка при пересылке сообщения из канала -1003027929238: Cannot use <telethon.tl.types.MessageMediaWebPage object at 0x7f4363736e30> as file
2025-09-19 06:31:58,329 [INFO] __main__: GRAB - Запущен
2025-09-19 06:32:04,786 [INFO] __main__: Получено сообщение из канала: -1003027929238, Текст: https://t.me/+e6GyKFEr5qA3NjEy
2025-09-19 06:32:04,786 [INFO] __main__: Пересылаем сообщение в канал -1002729972482
2025-09-19 06:32:04,990 [INFO] __main__: Сообщение успешно переслано из канала -1003027929238 в канал -1002729972482
2025-09-19 06:32:04,990 [INFO] __main__: Получено сообщение из канала: -1003027929238, Текст: https://t.me/+e6GyKFEr5qA3NjEy
2025-09-19 06:32:04,991 [INFO] __main__: Пересылаем сообщение в канал -1002729972482
2025-09-19 06:32:04,991 [ERROR] __main__: Ошибка при пересылке сообщения из канала -1003027929238: Cannot use <telethon.tl.types.MessageMediaWebPage object at 0x7f14c18167a0> as file
2025-09-19 06:33:04,012 [INFO] __main__: GRAB - Запущен
2025-09-19 06:33:38,993 [INFO] __main__: GRAB - Запущен
2025-09-19 06:33:41,537 [INFO] __main__: GRAB - Запущен
2025-09-19 06:33:48,198 [INFO] __main__: Получено сообщение из канала: -1003027929238, Текст: https://t.me/+e6GyKFEr5qA3NjEy
2025-09-19 06:33:48,199 [INFO] __main__: Пересылаем сообщение в канал -1002729972482
2025-09-19 06:33:48,384 [INFO] __main__: Сообщение успешно переслано из канала -1003027929238 в канал -1002729972482
2025-09-19 06:33:48,385 [INFO] __main__: Получено сообщение из канала: -1003027929238, Текст: https://t.me/+e6GyKFEr5qA3NjEy
2025-09-19 06:33:48,385 [INFO] __main__: Пересылаем сообщение в канал -1002729972482
2025-09-19 06:33:48,385 [ERROR] __main__: Ошибка при пересылке сообщения из канала -1003027929238: Cannot use <telethon.tl.types.MessageMediaWebPage object at 0x7fc4f875b310> as file
2025-09-19 06:33:50,402 [INFO] __main__: Получено сообщение из канала: -1003027929238, Текст: https://t.me/+e6GyKFEr5qA3NjEy
2025-09-19 06:33:50,402 [INFO] __main__: Пересылаем сообщение в канал -1002729972482
2025-09-19 06:33:50,561 [INFO] __main__: Сообщение успешно переслано из канала -1003027929238 в канал -1002729972482
2025-09-19 06:33:50,561 [INFO] __main__: Получено сообщение из канала: -1003027929238, Текст: https://t.me/+e6GyKFEr5qA3NjEy
2025-09-19 06:33:50,562 [INFO] __main__: Пересылаем сообщение в канал -1002729972482
2025-09-19 06:33:50,562 [ERROR] __main__: Ошибка при пересылке сообщения из канала -1003027929238: Cannot use <telethon.tl.types.MessageMediaWebPage object at 0x7fc4f87593f0> as file
2025-09-19 06:33:53,794 [INFO] __main__: Получено сообщение из канала: -1003027929238, Текст: https://t.me/+e6GyKFEr5qA3NjEy ыыыы
2025-09-19 06:33:53,795 [INFO] __main__: Пересылаем сообщение в канал -1002729972482
2025-09-19 06:33:53,956 [INFO] __main__: Сообщение успешно переслано из канала -1003027929238 в канал -1002729972482
2025-09-19 06:33:53,956 [INFO] __main__: Получено сообщение из канала: -1003027929238, Текст: https://t.me/+e6GyKFEr5qA3NjEy ыыыы
2025-09-19 06:33:53,956 [INFO] __main__: Пересылаем сообщение в канал -1002729972482
2025-09-19 06:33:53,957 [ERROR] __main__: Ошибка при пересылке сообщения из канала -1003027929238: Cannot use <telethon.tl.types.MessageMediaWebPage object at 0x7fc4f875ba60> as file
2025-09-19 06:35:15,298 [INFO] __main__: GRAB - Запущен
2025-09-19 06:35:24,261 [INFO] __main__: Получено сообщение из канала: -1003027929238, Текст: https://t.me/+e6GyKFEr5qA3NjEy
2025-09-19 06:35:24,262 [INFO] __main__: Пересылаем сообщение в канал -1002729972482
2025-09-19 06:35:24,427 [INFO] __main__: Сообщение успешно переслано из канала -1003027929238 в канал -1002729972482
2025-09-19 06:35:24,427 [INFO] __main__: Получено сообщение из канала: -1003027929238, Текст: https://t.me/+e6GyKFEr5qA3NjEy
2025-09-19 06:35:24,428 [INFO] __main__: Пересылаем сообщение в канал -1002729972482
2025-09-19 06:35:24,428 [ERROR] __main__: Ошибка при пересылке сообщения из канала -1003027929238: Cannot use <telethon.tl.types.MessageMediaWebPage object at 0x7f1ce6afa590> as file
2025-09-19 06:36:49,236 [INFO] __main__: GRAB - Запущен
2025-09-19 06:37:00,243 [INFO] __main__: Получено сообщение из канала: -1003027929238, Текст: https://t.me/+e6GyKFEr5qA3NjEy
2025-09-19 06:37:00,244 [INFO] __main__: Пересылаем сообщение в канал -1002729972482
2025-09-19 06:37:00,503 [INFO] __main__: Сообщение успешно переслано из канала -1003027929238 в канал -1002729972482
2025-09-19 06:37:00,504 [INFO] __main__: Получено сообщение из канала: -1003027929238, Текст: https://t.me/+e6GyKFEr5qA3NjEy
2025-09-19 06:37:00,504 [INFO] __main__: Пересылаем сообщение в канал -1002729972482
2025-09-19 06:37:00,505 [ERROR] __main__: Ошибка при пересылке сообщения из канала -1003027929238: Cannot use <telethon.tl.types.MessageMediaWebPage object at 0x7f828fbf68f0> as file
2025-09-19 06:38:16,633 [INFO] __main__: Получено сообщение из канала: -1003027929238, Текст: ERROR:__main__:Ошибка при пересылке сообщения из канала -1003027929238: Cannot use <telethon.tl.types.MessageMediaWebPage object at 0x7f828fbf68f0> as file
INFO:telethon.client.updates:Got difference for channel 2729972482 updates
2025-09-19 06:38:16,633 [INFO] __main__: Пересылаем сообщение в канал -1002729972482
2025-09-19 06:38:16,882 [INFO] __main__: Сообщение успешно переслано из канала -1003027929238 в канал -1002729972482
2025-09-19 06:38:16,882 [INFO] __main__: Получено сообщение из канала: -1003027929238, Текст: ERROR:__main__:Ошибка при пересылке сообщения из канала -1003027929238: Cannot use <telethon.tl.types.MessageMediaWebPage object at 0x7f828fbf68f0> as file
INFO:telethon.client.updates:Got difference for channel 2729972482 updates
2025-09-19 06:38:16,882 [INFO] __main__: Пересылаем сообщение в канал -1002729972482
2025-09-19 06:38:17,019 [INFO] __main__: Сообщение успешно переслано из канала -1003027929238 в канал -1002729972482
2025-09-19 06:38:33,805 [INFO] __main__: Получено сообщение из канала: -1003027929238, Текст: https://t.me/+e6GyKFEr5qA3NjEy
2025-09-19 06:38:33,806 [INFO] __main__: Пересылаем сообщение в канал -1002729972482
2025-09-19 06:38:33,951 [INFO] __main__: Сообщение успешно переслано из канала -1003027929238 в канал -1002729972482
2025-09-19 06:38:33,952 [INFO] __main__: Получено сообщение из канала: -1003027929238, Текст: https://t.me/+e6GyKFEr5qA3NjEy
2025-09-19 06:38:33,952 [INFO] __main__: Пересылаем сообщение в канал -1002729972482
2025-09-19 06:38:33,953 [ERROR] __main__: Ошибка при пересылке сообщения из канала -1003027929238: Cannot use <telethon.tl.types.MessageMediaWebPage object at 0x7f828fbf4e20> as file
2025-09-19 06:38:53,574 [INFO] __main__: Получено сообщение из канала: -1003027929238, Текст: куш
2025-09-19 06:38:53,574 [INFO] __main__: Пересылаем сообщение в канал -1002729972482
2025-09-19 06:38:53,711 [INFO] __main__: Сообщение успешно переслано из канала -1003027929238 в канал -1002729972482
2025-09-19 06:38:53,712 [INFO] __main__: Получено сообщение из канала: -1003027929238, Текст: куш
2025-09-19 06:38:53,712 [INFO] __main__: Пересылаем сообщение в канал -1002729972482
2025-09-19 06:38:53,844 [INFO] __main__: Сообщение успешно переслано из канала -1003027929238 в канал -1002729972482
2025-09-19 06:40:07,594 [INFO] __main__: GRAB - Запущен
2025-09-19 06:40:12,466 [INFO] __main__: Получено сообщение из канала: -1003027929238, Текст: куш
2025-09-19 06:40:12,466 [INFO] __main__: Пересылаем сообщение в канал -1002729972482
2025-09-19 06:40:12,467 [INFO] __main__: Получено сообщение из канала: -1003027929238, Текст: куш
2025-09-19 06:40:12,467 [INFO] __main__: Пересылаем сообщение в канал -1002729972482
2025-09-19 06:40:12,619 [INFO] __main__: Сообщение успешно переслано из канала -1003027929238 в канал -1002729972482
2025-09-19 06:40:12,619 [INFO] __main__: Получено сообщение из канала: -1003027929238, Текст: куш
2025-09-19 06:40:12,620 [INFO] __main__: Пересылаем сообщение в канал -1002729972482
2025-09-19 06:40:12,626 [INFO] __main__: Сообщение успешно переслано из канала -1003027929238 в канал -1002729972482
2025-09-19 06:40:12,627 [INFO] __main__: Получено сообщение из канала: -1003027929238, Текст: куш
2025-09-19 06:40:12,627 [INFO] __main__: Пересылаем сообщение в канал -1002729972482
2025-09-19 06:40:12,772 [INFO] __main__: Сообщение успешно переслано из канала -1003027929238 в канал -1002729972482
2025-09-19 06:40:12,786 [INFO] __main__: Сообщение успешно переслано из канала -1003027929238 в канал -1002729972482
2025-09-19 06:40:21,033 [INFO] __main__: Получено сообщение из канала: -1003027929238, Текст: 1
2025-09-19 06:40:21,033 [INFO] __main__: Пересылаем сообщение в канал -1002729972482
2025-09-19 06:40:21,190 [INFO] __main__: Сообщение успешно переслано из канала -1003027929238 в канал -1002729972482
2025-09-19 06:40:21,191 [INFO] __main__: Получено сообщение из канала: -1003027929238, Текст: 1
2025-09-19 06:40:21,191 [INFO] __main__: Пересылаем сообщение в канал -1002729972482
2025-09-19 06:40:21,341 [INFO] __main__: Сообщение успешно переслано из канала -1003027929238 в канал -1002729972482
2025-09-19 06:40:27,064 [INFO] __main__: Получено сообщение из канала: -1003027929238, Текст: 2
2025-09-19 06:40:27,064 [INFO] __main__: Пересылаем сообщение в канал -1002729972482
2025-09-19 06:40:27,221 [INFO] __main__: Сообщение успешно переслано из канала -1003027929238 в канал -1002729972482
2025-09-19 06:40:27,222 [INFO] __main__: Получено сообщение из канала: -1003027929238, Текст: 2
2025-09-19 06:40:27,222 [INFO] __main__: Пересылаем сообщение в канал -1002729972482
2025-09-19 06:40:27,373 [INFO] __main__: Сообщение успешно переслано из канала -1003027929238 в канал -1002729972482
2025-09-19 06:41:32,743 [INFO] __main__: GRAB - Запущен
2025-09-19 06:41:37,505 [INFO] __main__: Получено сообщение из канала: -1003027929238, Текст: 2
2025-09-19 06:41:37,506 [INFO] __main__: Пересылаем сообщение в канал -1002729972482
2025-09-19 06:41:37,506 [INFO] __main__: Получено сообщение из канала: -1003027929238, Текст: 1
2025-09-19 06:41:37,507 [INFO] __main__: Пересылаем сообщение в канал -1002729972482
2025-09-19 06:41:37,657 [INFO] __main__: Сообщение успешно переслано из канала -1003027929238 в канал -1002729972482
2025-09-19 06:41:37,657 [INFO] __main__: Получено сообщение из канала: -1003027929238, Текст: 1
2025-09-19 06:41:37,658 [INFO] __main__: Пересылаем сообщение в канал -1002729972482
2025-09-19 06:41:37,659 [INFO] __main__: Сообщение успешно переслано из канала -1003027929238 в канал -1002729972482
2025-09-19 06:41:37,659 [INFO] __main__: Получено сообщение из канала: -1003027929238, Текст: 2
2025-09-19 06:41:37,659 [INFO] __main__: Пересылаем сообщение в канал -1002729972482
2025-09-19 06:41:37,869 [INFO] __main__: Сообщение успешно переслано из канала -1003027929238 в канал -1002729972482
2025-09-19 06:41:37,870 [INFO] __main__: Сообщение успешно переслано из канала -1003027929238 в канал -1002729972482
2025-09-19 06:41:50,181 [INFO] __main__: Получено сообщение из канала: -1003027929238, Текст: 5
2025-09-19 06:41:50,181 [INFO] __main__: Пересылаем сообщение в канал -1002729972482
2025-09-19 06:41:50,447 [INFO] __main__: Сообщение успешно переслано из канала -1003027929238 в канал -1002729972482
2025-09-19 06:41:50,448 [INFO] __main__: Получено сообщение из канала: -1003027929238, Текст: 5
2025-09-19 06:41:50,448 [INFO] __main__: Пересылаем сообщение в канал -1002729972482
2025-09-19 06:41:50,644 [INFO] __main__: Сообщение успешно переслано из канала -1003027929238 в канал -1002729972482
2025-09-19 06:41:54,804 [INFO] __main__: Получено сообщение из канала: -1003027929238, Текст: 6
2025-09-19 06:41:54,804 [INFO] __main__: Пересылаем сообщение в канал -1002729972482
2025-09-19 06:41:54,980 [INFO] __main__: Сообщение успешно переслано из канала -1003027929238 в канал -1002729972482
2025-09-19 06:41:54,980 [INFO] __main__: Получено сообщение из канала: -1003027929238, Текст: 6
2025-09-19 06:41:54,981 [INFO] __main__: Пересылаем сообщение в канал -1002729972482
2025-09-19 06:41:55,156 [INFO] __main__: Сообщение успешно переслано из канала -1003027929238 в канал -1002729972482
2025-09-19 06:43:48,809 [INFO] __main__: GRAB - Запущен
2025-09-19 06:43:56,242 [INFO] __main__: Получено сообщение из канала: -1003027929238, Текст: 1
2025-09-19 06:43:56,242 [INFO] __main__: Пересылаем сообщение в канал -1002729972482
2025-09-19 06:43:56,382 [INFO] __main__: Сообщение успешно переслано из канала -1003027929238 в канал -1002729972482
2025-09-19 06:43:56,382 [INFO] __main__: Получено сообщение из канала: -1003027929238, Текст: 1
2025-09-19 06:43:56,382 [INFO] __main__: Пересылаем сообщение в канал -1002729972482
2025-09-19 06:43:56,526 [INFO] __main__: Сообщение успешно переслано из канала -1003027929238 в канал -1002729972482
2025-09-19 06:44:00,851 [INFO] __main__: Получено сообщение из канала: -1003027929238, Текст: 2
2025-09-19 06:44:00,851 [INFO] __main__: Пересылаем сообщение в канал -1002729972482
2025-09-19 06:44:01,034 [INFO] __main__: Сообщение успешно переслано из канала -1003027929238 в канал -1002729972482
2025-09-19 06:44:01,035 [INFO] __main__: Получено сообщение из канала: -1003027929238, Текст: 2
2025-09-19 06:44:01,035 [INFO] __main__: Пересылаем сообщение в канал -1002729972482
2025-09-19 06:44:01,243 [INFO] __main__: Сообщение успешно переслано из канала -1003027929238 в канал -1002729972482
2025-09-19 06:44:08,665 [INFO] __main__: Получено сообщение из канала: -1003027929238, Текст: https://t.me/+e6GyKFEr5qA3NjEy
2025-09-19 06:44:08,665 [INFO] __main__: Пересылаем сообщение в канал -1002729972482
2025-09-19 06:44:08,812 [INFO] __main__: Сообщение успешно переслано из канала -1003027929238 в канал -1002729972482
2025-09-19 06:44:08,812 [INFO] __main__: Получено сообщение из канала: -1003027929238, Текст: https://t.me/+e6GyKFEr5qA3NjEy
2025-09-19 06:44:08,812 [INFO] __main__: Пересылаем сообщение в канал -1002729972482
2025-09-19 06:44:08,812 [ERROR] __main__: Ошибка при пересылке сообщения из канала -1003027929238: Cannot use <telethon.tl.types.MessageMediaWebPage object at 0x7ffebfa06e60> as file
2025-09-19 06:44:35,910 [INFO] __main__: GRAB - Запущен
2025-09-19 06:44:41,597 [INFO] __main__: Получено сообщение из канала: -1003027929238, Текст: https://t.me/+e6GyKFEr5qA3NjEy
2025-09-19 06:44:41,597 [INFO] __main__: Пересылаем сообщение в канал -1002729972482
2025-09-19 06:44:41,598 [INFO] __main__: Получено сообщение из канала: -1003027929238, Текст: 1
2025-09-19 06:44:41,598 [INFO] __main__: Пересылаем сообщение в канал -1002729972482
2025-09-19 06:44:41,737 [INFO] __main__: Сообщение успешно переслано из канала -1003027929238 в канал -1002729972482
2025-09-19 06:44:41,737 [INFO] __main__: Получено сообщение из канала: -1003027929238, Текст: 1
2025-09-19 06:44:41,737 [INFO] __main__: Пересылаем сообщение в канал -1002729972482
2025-09-19 06:44:41,739 [INFO] __main__: Сообщение успешно переслано из канала -1003027929238 в канал -1002729972482
2025-09-19 06:44:41,739 [INFO] __main__: Получено сообщение из канала: -1003027929238, Текст: https://t.me/+e6GyKFEr5qA3NjEy
2025-09-19 06:44:41,739 [INFO] __main__: Пересылаем сообщение в канал -1002729972482
2025-09-19 06:44:41,740 [ERROR] __main__: Ошибка при пересылке сообщения из канала -1003027929238: Cannot use <telethon.tl.types.MessageMediaWebPage object at 0x7f6815267040> as file
2025-09-19 06:44:41,892 [INFO] __main__: Сообщение успешно переслано из канала -1003027929238 в канал -1002729972482
2025-09-19 06:44:45,136 [INFO] __main__: Получено сообщение из канала: -1003027929238, Текст: 2
2025-09-19 06:44:45,136 [INFO] __main__: Пересылаем сообщение в канал -1002729972482
2025-09-19 06:44:45,266 [INFO] __main__: Сообщение успешно переслано из канала -1003027929238 в канал -1002729972482
2025-09-19 06:44:45,267 [INFO] __main__: Получено сообщение из канала: -1003027929238, Текст: 2
2025-09-19 06:44:45,267 [INFO] __main__: Пересылаем сообщение в канал -1002729972482
2025-09-19 06:44:45,400 [INFO] __main__: Сообщение успешно переслано из канала -1003027929238 в канал -1002729972482
2025-09-19 06:44:54,919 [INFO] __main__: Получено сообщение из канала: -1003027929238, Текст: 6
2025-09-19 06:44:54,919 [INFO] __main__: Пересылаем сообщение в канал -1002729972482
2025-09-19 06:44:55,053 [INFO] __main__: Сообщение успешно переслано из канала -1003027929238 в канал -1002729972482
2025-09-19 06:44:55,053 [INFO] __main__: Получено сообщение из канала: -1003027929238, Текст: 6
2025-09-19 06:44:55,053 [INFO] __main__: Пересылаем сообщение в канал -1002729972482
2025-09-19 06:44:55,187 [INFO] __main__: Сообщение успешно переслано из канала -1003027929238 в канал -1002729972482
2025-09-19 06:45:21,895 [INFO] __main__: GRAB - Запущен
2025-09-19 06:45:25,680 [INFO] __main__: Получено сообщение из канала: -1003027929238, Текст: 1
2025-09-19 06:45:25,680 [INFO] __main__: Пересылаем сообщение в канал -1002729972482
2025-09-19 06:45:25,681 [ERROR] __main__: Ошибка при пересылке сообщения из канала -1003027929238: The message cannot be empty unless a file is provided
2025-09-19 06:45:25,681 [INFO] __main__: Получено сообщение из канала: -1003027929238, Текст: 1
2025-09-19 06:45:25,681 [INFO] __main__: Пересылаем сообщение в канал -1002729972482
2025-09-19 06:45:25,830 [INFO] __main__: Сообщение успешно переслано из канала -1003027929238 в канал -1002729972482
2025-09-19 06:45:30,447 [INFO] __main__: Получено сообщение из канала: -1003027929238, Текст: 55
2025-09-19 06:45:30,447 [INFO] __main__: Пересылаем сообщение в канал -1002729972482
2025-09-19 06:45:30,448 [ERROR] __main__: Ошибка при пересылке сообщения из канала -1003027929238: The message cannot be empty unless a file is provided
2025-09-19 06:45:30,448 [INFO] __main__: Получено сообщение из канала: -1003027929238, Текст: 55
2025-09-19 06:45:30,448 [INFO] __main__: Пересылаем сообщение в канал -1002729972482
2025-09-19 06:45:30,584 [INFO] __main__: Сообщение успешно переслано из канала -1003027929238 в канал -1002729972482
2025-09-19 06:45:44,482 [INFO] __main__: Получено сообщение из канала: -1003027929238, Текст: https://t.me/+e6GyKFEr5qA3NjEy 55
2025-09-19 06:45:44,483 [INFO] __main__: Пересылаем сообщение в канал -1002729972482
2025-09-19 06:45:44,629 [INFO] __main__: Сообщение успешно переслано из канала -1003027929238 в канал -1002729972482
2025-09-19 06:45:44,630 [INFO] __main__: Получено сообщение из канала: -1003027929238, Текст: https://t.me/+e6GyKFEr5qA3NjEy 55
2025-09-19 06:45:44,630 [INFO] __main__: Пересылаем сообщение в канал -1002729972482
2025-09-19 06:45:44,630 [ERROR] __main__: Ошибка при пересылке сообщения из канала -1003027929238: Cannot use <telethon.tl.types.MessageMediaWebPage object at 0x7fc9f51c4550> as file
2025-09-19 06:45:58,894 [INFO] __main__: Получено сообщение из канала: -1003027929238, Текст: https://t.me/+e6GyKFEr5qA3NjEy
55
2025-09-19 06:45:58,895 [INFO] __main__: Пересылаем сообщение в канал -1002729972482
2025-09-19 06:45:59,041 [INFO] __main__: Сообщение успешно переслано из канала -1003027929238 в канал -1002729972482
2025-09-19 06:45:59,041 [INFO] __main__: Получено сообщение из канала: -1003027929238, Текст: https://t.me/+e6GyKFEr5qA3NjEy
55
2025-09-19 06:45:59,042 [INFO] __main__: Пересылаем сообщение в канал -1002729972482
2025-09-19 06:45:59,042 [ERROR] __main__: Ошибка при пересылке сообщения из канала -1003027929238: Cannot use <telethon.tl.types.MessageMediaWebPage object at 0x7fc9f51c71f0> as file
2025-09-19 06:46:34,997 [INFO] __main__: GRAB - Запущен
2025-09-19 06:46:44,630 [INFO] __main__: Получено сообщение из канала: -1003027929238, Текст: https://t.me/+e6GyKFEr5qA3NjEy
55
2025-09-19 06:46:44,630 [INFO] __main__: Пересылаем сообщение в канал -1002729972482
2025-09-19 06:46:44,631 [INFO] __main__: Получено сообщение из канала: -1003027929238, Текст: https://t.me/+e6GyKFEr5qA3NjEy 55
2025-09-19 06:46:44,631 [INFO] __main__: Пересылаем сообщение в канал -1002729972482
2025-09-19 06:46:44,770 [INFO] __main__: Сообщение успешно переслано из канала -1003027929238 в канал -1002729972482
2025-09-19 06:46:44,771 [INFO] __main__: Получено сообщение из канала: -1003027929238, Текст: https://t.me/+e6GyKFEr5qA3NjEy
55
2025-09-19 06:46:44,771 [INFO] __main__: Пересылаем сообщение в канал -1002729972482
2025-09-19 06:46:44,772 [ERROR] __main__: Ошибка при пересылке сообщения из канала -1003027929238: Cannot use <telethon.tl.types.MessageMediaWebPage object at 0x7f136f3173a0> as file
2025-09-19 06:46:44,773 [INFO] __main__: Сообщение успешно переслано из канала -1003027929238 в канал -1002729972482
2025-09-19 06:46:44,773 [INFO] __main__: Получено сообщение из канала: -1003027929238, Текст: https://t.me/+e6GyKFEr5qA3NjEy 55
2025-09-19 06:46:44,773 [INFO] __main__: Пересылаем сообщение в канал -1002729972482
2025-09-19 06:46:44,774 [ERROR] __main__: Ошибка при пересылке сообщения из канала -1003027929238: Cannot use <telethon.tl.types.MessageMediaWebPage object at 0x7f136f3177c0> as file
2025-09-19 06:47:17,900 [INFO] __main__: Получено сообщение из канала: -1003027929238, Текст: 5
2025-09-19 06:47:17,901 [INFO] __main__: Пересылаем сообщение в канал -1002729972482
2025-09-19 06:47:17,901 [ERROR] __main__: Ошибка при пересылке сообщения из канала -1003027929238: The message cannot be empty unless a file is provided
2025-09-19 06:47:17,901 [INFO] __main__: Получено сообщение из канала: -1003027929238, Текст: 5
2025-09-19 06:47:17,902 [INFO] __main__: Пересылаем сообщение в канал -1002729972482
2025-09-19 06:47:18,036 [INFO] __main__: Сообщение успешно переслано из канала -1003027929238 в канал -1002729972482
2025-09-19 06:47:38,747 [INFO] __main__: GRAB - Запущен
2025-09-19 06:47:44,129 [INFO] __main__: Получено сообщение из канала: -1003027929238, Текст: 25
2025-09-19 06:47:44,129 [INFO] __main__: Пересылаем сообщение в канал -1002729972482
2025-09-19 06:47:44,130 [ERROR] __main__: Ошибка при пересылке сообщения из канала -1003027929238: The message cannot be empty unless a file is provided
2025-09-19 06:47:44,130 [INFO] __main__: Получено сообщение из канала: -1003027929238, Текст: 25
2025-09-19 06:47:44,130 [INFO] __main__: Пересылаем сообщение в канал -1002729972482
2025-09-19 06:47:44,291 [INFO] __main__: Сообщение успешно переслано из канала -1003027929238 в канал -1002729972482
2025-09-19 06:47:51,266 [INFO] __main__: Получено сообщение из канала: -1003027929238, Текст: https://t.me/+e6GyKFEr5qA3NjEy
2025-09-19 06:47:51,266 [INFO] __main__: Пересылаем сообщение в канал -1002729972482
2025-09-19 06:47:51,426 [INFO] __main__: Сообщение успешно переслано из канала -1003027929238 в канал -1002729972482
2025-09-19 06:47:51,426 [INFO] __main__: Получено сообщение из канала: -1003027929238, Текст: https://t.me/+e6GyKFEr5qA3NjEy
2025-09-19 06:47:51,426 [INFO] __main__: Пересылаем сообщение в канал -1002729972482
2025-09-19 06:47:51,427 [ERROR] __main__: Ошибка при пересылке сообщения из канала -1003027929238: Cannot use <telethon.tl.types.MessageMediaWebPage object at 0x7f8fdca59d50> as file
2025-09-19 06:47:56,548 [INFO] __main__: Получено сообщение из канала: -1003027929238, Текст: https://t.me/+e6GyKFEr5qA3NjEy 55
2025-09-19 06:47:56,549 [INFO] __main__: Пересылаем сообщение в канал -1002729972482
2025-09-19 06:47:56,708 [INFO] __main__: Сообщение успешно переслано из канала -1003027929238 в канал -1002729972482
2025-09-19 06:47:56,708 [INFO] __main__: Получено сообщение из канала: -1003027929238, Текст: https://t.me/+e6GyKFEr5qA3NjEy 55
2025-09-19 06:47:56,709 [INFO] __main__: Пересылаем сообщение в канал -1002729972482
2025-09-19 06:47:56,709 [ERROR] __main__: Ошибка при пересылке сообщения из канала -1003027929238: Cannot use <telethon.tl.types.MessageMediaWebPage object at 0x7f8fdca58340> as file
2025-09-19 06:48:09,533 [INFO] __main__: Получено сообщение из канала: -1003027929238, Текст: https://t.me/+e6GyKFEr5qA3NjEy вот это да
2025-09-19 06:48:09,533 [INFO] __main__: Пересылаем сообщение в канал -1002729972482
2025-09-19 06:48:09,702 [INFO] __main__: Сообщение успешно переслано из канала -1003027929238 в канал -1002729972482
2025-09-19 06:48:09,703 [INFO] __main__: Получено сообщение из канала: -1003027929238, Текст: https://t.me/+e6GyKFEr5qA3NjEy вот это да
2025-09-19 06:48:09,703 [INFO] __main__: Пересылаем сообщение в канал -1002729972482
2025-09-19 06:48:09,703 [ERROR] __main__: Ошибка при пересылке сообщения из канала -1003027929238: Cannot use <telethon.tl.types.MessageMediaWebPage object at 0x7f8fdca5ace0> as file
2025-09-19 06:49:03,270 [INFO] __main__: Получено сообщение из канала: -1003027929238, Текст: https://t.me/+e6GyKFEr5qA3NjEy
2025-09-19 06:49:03,270 [INFO] __main__: Пересылаем сообщение в канал -1002729972482
2025-09-19 06:49:03,437 [INFO] __main__: Сообщение успешно переслано из канала -1003027929238 в канал -1002729972482
2025-09-19 06:49:03,438 [INFO] __main__: Получено сообщение из канала: -1003027929238, Текст: https://t.me/+e6GyKFEr5qA3NjEy
2025-09-19 06:49:03,438 [INFO] __main__: Пересылаем сообщение в канал -1002729972482
2025-09-19 06:49:03,597 [INFO] __main__: Сообщение успешно переслано из канала -1003027929238 в канал -1002729972482
2025-09-19 06:50:21,746 [INFO] __main__: GRAB - Запущен
2025-09-19 06:50:25,325 [INFO] __main__: Получено сообщение из канала: -1003027929238, Текст: 5
2025-09-19 06:50:25,326 [INFO] __main__: Пересылаем сообщение в канал -1002729972482
2025-09-19 06:50:25,513 [INFO] __main__: Сообщение успешно переслано из канала -1003027929238 в канал -1002729972482
2025-09-19 06:50:25,513 [INFO] __main__: Получено сообщение из канала: -1003027929238, Текст: 5
2025-09-19 06:50:25,513 [INFO] __main__: Пересылаем сообщение в канал -1002729972482
2025-09-19 06:50:25,715 [INFO] __main__: Сообщение успешно переслано из канала -1003027929238 в канал -1002729972482
2025-09-19 06:50:26,853 [INFO] __main__: Получено сообщение из канала: -1003027929238, Текст: 25
2025-09-19 06:50:26,853 [INFO] __main__: Пересылаем сообщение в канал -1002729972482
2025-09-19 06:50:26,989 [INFO] __main__: Сообщение успешно переслано из канала -1003027929238 в канал -1002729972482
2025-09-19 06:50:26,989 [INFO] __main__: Получено сообщение из канала: -1003027929238, Текст: 25
2025-09-19 06:50:26,990 [INFO] __main__: Пересылаем сообщение в канал -1002729972482
2025-09-19 06:50:27,168 [INFO] __main__: Сообщение успешно переслано из канала -1003027929238 в канал -1002729972482
2025-09-19 06:52:14,471 [INFO] __main__: GRAB - Запущен
2025-09-19 06:52:18,114 [INFO] __main__: Получено сообщение из канала: -1003027929238, Текст: 25
2025-09-19 06:52:18,115 [INFO] __main__: Пересылаем сообщение в канал -1002729972482
2025-09-19 06:52:18,116 [INFO] __main__: Получено сообщение из канала: -1003027929238, Текст: 2
2025-09-19 06:52:18,116 [INFO] __main__: Пересылаем сообщение в канал -1002729972482
2025-09-19 06:52:18,309 [INFO] __main__: Сообщение успешно переслано из канала -1003027929238 в канал -1002729972482
2025-09-19 06:52:18,309 [INFO] __main__: Получено сообщение из канала: -1003027929238, Текст: 2
2025-09-19 06:52:18,310 [INFO] __main__: Пересылаем сообщение в канал -1002729972482
2025-09-19 06:52:18,311 [INFO] __main__: Сообщение успешно переслано из канала -1003027929238 в канал -1002729972482
2025-09-19 06:52:18,311 [INFO] __main__: Получено сообщение из канала: -1003027929238, Текст: 25
2025-09-19 06:52:18,311 [INFO] __main__: Пересылаем сообщение в канал -1002729972482
2025-09-19 06:52:18,436 [INFO] __main__: Сообщение успешно переслано из канала -1003027929238 в канал -1002729972482
2025-09-19 06:52:18,438 [INFO] __main__: Сообщение успешно переслано из канала -1003027929238 в канал -1002729972482
2025-09-19 06:52:26,070 [INFO] __main__: Получено сообщение из канала: -1003027929238, Текст: 1
2025-09-19 06:52:26,071 [INFO] __main__: Пересылаем сообщение в канал -1002729972482
2025-09-19 06:52:26,205 [INFO] __main__: Сообщение успешно переслано из канала -1003027929238 в канал -1002729972482
2025-09-19 06:52:26,205 [INFO] __main__: Получено сообщение из канала: -1003027929238, Текст: 1
2025-09-19 06:52:26,205 [INFO] __main__: Пересылаем сообщение в канал -1002729972482
2025-09-19 06:52:26,356 [INFO] __main__: Сообщение успешно переслано из канала -1003027929238 в канал -1002729972482
2025-09-19 06:57:13,750 [INFO] __main__: GRAB - Запущен
2025-09-19 06:57:18,471 [INFO] __main__: Получено сообщение из канала: -1003027929238, Текст: 1
2025-09-19 06:57:18,472 [INFO] __main__: Пересылаем сообщение в канал -1002729972482
2025-09-19 06:57:18,629 [INFO] __main__: Сообщение успешно переслано из канала -1003027929238 в канал -1002729972482
2025-09-19 06:57:18,629 [INFO] __main__: Получено сообщение из канала: -1003027929238, Текст: 1
2025-09-19 06:57:18,629 [INFO] __main__: Пересылаем сообщение в канал -1002729972482
2025-09-19 06:57:18,786 [INFO] __main__: Сообщение успешно переслано из канала -1003027929238 в канал -1002729972482
2025-09-19 06:57:25,757 [INFO] __main__: Получено сообщение из канала: -1003027929238, Текст: 0
2025-09-19 06:57:25,758 [INFO] __main__: Пересылаем сообщение в канал -1002729972482
2025-09-19 06:57:25,912 [INFO] __main__: Сообщение успешно переслано из канала -1003027929238 в канал -1002729972482
2025-09-19 06:57:25,912 [INFO] __main__: Получено сообщение из канала: -1003027929238, Текст: 0
2025-09-19 06:57:25,913 [INFO] __main__: Пересылаем сообщение в канал -1002729972482
2025-09-19 06:57:26,070 [INFO] __main__: Сообщение успешно переслано из канала -1003027929238 в канал -1002729972482
2025-09-19 06:57:39,818 [INFO] __main__: GRAB - Запущен
2025-09-19 06:57:48,627 [INFO] __main__: Получено сообщение из канала: -1003027929238, Текст: 8
2025-09-19 06:57:48,628 [INFO] __main__: Пересылаем сообщение в канал -1002729972482
2025-09-19 06:57:48,628 [ERROR] __main__: Ошибка при пересылке сообщения из канала -1003027929238: The message cannot be empty unless a file is provided
2025-09-19 06:57:48,629 [INFO] __main__: Получено сообщение из канала: -1003027929238, Текст: 8
2025-09-19 06:57:48,629 [INFO] __main__: Пересылаем сообщение в канал -1002729972482
2025-09-19 06:57:48,768 [INFO] __main__: Сообщение успешно переслано из канала -1003027929238 в канал -1002729972482
2025-09-19 06:57:52,481 [INFO] __main__: Получено сообщение из канала: -1003027929238, Текст: 7
2025-09-19 06:57:52,482 [INFO] __main__: Пересылаем сообщение в канал -1002729972482
2025-09-19 06:57:52,482 [ERROR] __main__: Ошибка при пересылке сообщения из канала -1003027929238: The message cannot be empty unless a file is provided
2025-09-19 06:57:52,482 [INFO] __main__: Получено сообщение из канала: -1003027929238, Текст: 7
2025-09-19 06:57:52,483 [INFO] __main__: Пересылаем сообщение в канал -1002729972482
2025-09-19 06:57:52,619 [INFO] __main__: Сообщение успешно переслано из канала -1003027929238 в канал -1002729972482
2025-09-19 06:58:00,050 [INFO] __main__: Получено сообщение из канала: -1003027929238, Текст: https://t.me/+e6GyKFEr5qA3NjEy
2025-09-19 06:58:00,050 [INFO] __main__: Пересылаем сообщение в канал -1002729972482
2025-09-19 06:58:00,196 [INFO] __main__: Сообщение успешно переслано из канала -1003027929238 в канал -1002729972482
2025-09-19 06:58:00,196 [INFO] __main__: Получено сообщение из канала: -1003027929238, Текст: https://t.me/+e6GyKFEr5qA3NjEy
2025-09-19 06:58:00,196 [INFO] __main__: Пересылаем сообщение в канал -1002729972482
2025-09-19 06:58:00,197 [ERROR] __main__: Ошибка при пересылке сообщения из канала -1003027929238: Cannot use <telethon.tl.types.MessageMediaWebPage object at 0x7f7f22604e50> as file
2025-09-19 07:00:11,922 [INFO] __main__: GRAB - Запущен
2025-09-19 07:00:18,114 [INFO] __main__: Получено сообщение из канала: -1003027929238, Текст: https://t.me/+e6GyKFEr5qA3NjEy
2025-09-19 07:00:18,115 [INFO] __main__: Пересылаем сообщение в канал -1002729972482
2025-09-19 07:00:18,115 [ERROR] __main__: Ошибка при пересылке сообщения из канала -1003027929238: Cannot use <telethon.tl.types.MessageMediaWebPage object at 0x7fbf929da440> as file
2025-09-19 07:00:18,116 [INFO] __main__: Получено сообщение из канала: -1003027929238, Текст: https://t.me/+e6GyKFEr5qA3NjEy
2025-09-19 07:00:18,116 [INFO] __main__: Пересылаем сообщение в канал -1002729972482
2025-09-19 07:00:18,116 [ERROR] __main__: Ошибка при пересылке сообщения из канала -1003027929238: Cannot use <telethon.tl.types.MessageMediaWebPage object at 0x7fbf929da440> as file
2025-09-19 07:00:32,867 [INFO] __main__: Получено сообщение из канала: -1003027929238, Текст: https://t.me/+e6GyKFEr5qA3NjEy
2025-09-19 07:00:32,867 [INFO] __main__: Пересылаем сообщение в канал -1002729972482
2025-09-19 07:00:32,868 [ERROR] __main__: Ошибка при пересылке сообщения из канала -1003027929238: Cannot use <telethon.tl.types.MessageMediaWebPage object at 0x7fbf929dafb0> as file
2025-09-19 07:00:32,868 [INFO] __main__: Получено сообщение из канала: -1003027929238, Текст: https://t.me/+e6GyKFEr5qA3NjEy
2025-09-19 07:00:32,869 [INFO] __main__: Пересылаем сообщение в канал -1002729972482
2025-09-19 07:00:32,869 [ERROR] __main__: Ошибка при пересылке сообщения из канала -1003027929238: Cannot use <telethon.tl.types.MessageMediaWebPage object at 0x7fbf929dafb0> as file
2025-09-19 07:03:54,564 [INFO] __main__: GRAB - Запущен
2025-09-19 07:04:01,186 [INFO] __main__: Получено сообщение из канала: -1003027929238, Текст: https://t.me/+e6GyKFEr5qA3NjEy
2025-09-19 07:04:01,187 [INFO] __main__: Пересылаем сообщение в канал -1002729972482
2025-09-19 07:04:01,353 [INFO] __main__: Сообщение успешно переслано из канала -1003027929238 в канал -1002729972482
2025-09-19 07:04:01,354 [INFO] __main__: Получено сообщение из канала: -1003027929238, Текст: https://t.me/+e6GyKFEr5qA3NjEy
2025-09-19 07:04:01,354 [INFO] __main__: Пересылаем сообщение в канал -1002729972482
2025-09-19 07:04:01,354 [ERROR] __main__: Ошибка при пересылке сообщения из канала -1003027929238: Cannot use <telethon.tl.types.MessageMediaWebPage object at 0x7fa0eb1c5180> as file
2025-09-19 07:04:10,975 [INFO] __main__: Получено сообщение из канала: -1003027929238, Текст: https://t.me/+e6GyKFEr5qA3NjEy
2025-09-19 07:04:10,975 [INFO] __main__: Пересылаем сообщение в канал -1002729972482
2025-09-19 07:04:11,173 [INFO] __main__: Сообщение успешно переслано из канала -1003027929238 в канал -1002729972482
2025-09-19 07:04:11,173 [INFO] __main__: Получено сообщение из канала: -1003027929238, Текст: https://t.me/+e6GyKFEr5qA3NjEy
2025-09-19 07:04:11,173 [INFO] __main__: Пересылаем сообщение в канал -1002729972482
2025-09-19 07:04:11,174 [ERROR] __main__: Ошибка при пересылке сообщения из канала -1003027929238: Cannot use <telethon.tl.types.MessageMediaWebPage object at 0x7fa0eb1c70a0> as file
2025-09-19 07:04:14,958 [INFO] __main__: Получено сообщение из канала: -1003027929238, Текст: 228
2025-09-19 07:04:14,958 [INFO] __main__: Пересылаем сообщение в канал -1002729972482
2025-09-19 07:04:14,959 [ERROR] __main__: Ошибка при пересылке сообщения из канала -1003027929238: The message cannot be empty unless a file is provided
2025-09-19 07:04:14,959 [INFO] __main__: Получено сообщение из канала: -1003027929238, Текст: 228
2025-09-19 07:04:14,959 [INFO] __main__: Пересылаем сообщение в канал -1002729972482
2025-09-19 07:04:15,216 [INFO] __main__: Сообщение успешно переслано из канала -1003027929238 в канал -1002729972482
2025-09-19 07:04:19,912 [INFO] __main__: Получено сообщение из канала: -1003027929238, Текст: ghbdt
2025-09-19 07:04:19,912 [INFO] __main__: Пересылаем сообщение в канал -1002729972482
2025-09-19 07:04:19,912 [ERROR] __main__: Ошибка при пересылке сообщения из канала -1003027929238: The message cannot be empty unless a file is provided
2025-09-19 07:04:19,913 [INFO] __main__: Получено сообщение из канала: -1003027929238, Текст: ghbdt
2025-09-19 07:04:19,913 [INFO] __main__: Пересылаем сообщение в канал -1002729972482
2025-09-19 07:04:20,109 [INFO] __main__: Сообщение успешно переслано из канала -1003027929238 в канал -1002729972482
2025-09-19 07:04:25,546 [INFO] __main__: Получено сообщение из канала: -1003027929238, Текст: https://t.me/+e6GyKFEr5qA3NjEy sedfsfdf
2025-09-19 07:04:25,546 [INFO] __main__: Пересылаем сообщение в канал -1002729972482
2025-09-19 07:04:25,729 [INFO] __main__: Сообщение успешно переслано из канала -1003027929238 в канал -1002729972482
2025-09-19 07:04:25,730 [INFO] __main__: Получено сообщение из канала: -1003027929238, Текст: https://t.me/+e6GyKFEr5qA3NjEy sedfsfdf
2025-09-19 07:04:25,730 [INFO] __main__: Пересылаем сообщение в канал -1002729972482
2025-09-19 07:04:25,730 [ERROR] __main__: Ошибка при пересылке сообщения из канала -1003027929238: Cannot use <telethon.tl.types.MessageMediaWebPage object at 0x7fa0eb1c75b0> as file
2025-09-19 07:08:05,130 [INFO] __main__: GRAB - Запущен
2025-09-19 07:08:18,599 [INFO] __main__: Получено сообщение из канала: -1003027929238, Текст: https://t.me/+e6GyKFEr5qA3NjEy
2025-09-19 07:08:18,599 [INFO] __main__: Пересылаем сообщение в канал -1002729972482
2025-09-19 07:08:18,761 [INFO] __main__: Сообщение успешно переслано из канала -1003027929238 в канал -1002729972482
2025-09-19 07:08:18,762 [INFO] __main__: Получено сообщение из канала: -1003027929238, Текст: https://t.me/+e6GyKFEr5qA3NjEy
2025-09-19 07:08:18,762 [INFO] __main__: Пересылаем сообщение в канал -1002729972482
2025-09-19 07:08:18,762 [ERROR] __main__: Ошибка при пересылке сообщения из канала -1003027929238: Cannot use <telethon.tl.types.MessageMediaWebPage object at 0x7f10e5fb7640> as file
2025-09-19 07:10:20,746 [INFO] __main__: Получено сообщение из канала: -1003027929238, Текст: Илия Топурия демонстрирует свои навыки джиу-джитсу в новом видео.

👊 [**Читай все наши каналы!**](https://t.me/nokaut_tg)
2025-09-19 07:10:20,746 [INFO] __main__: Пересылаем сообщение в канал -1002729972482
2025-09-19 07:10:20,746 [ERROR] __main__: Ошибка при пересылке сообщения из канала -1003027929238: The message cannot be empty unless a file is provided
2025-09-19 07:10:20,747 [INFO] __main__: Получено сообщение из канала: -1003027929238, Текст: Илия Топурия демонстрирует свои навыки джиу-джитсу в новом видео.

👊 [**Читай все наши каналы!**](https://t.me/nokaut_tg)
2025-09-19 07:10:20,747 [INFO] __main__: Пересылаем сообщение в канал -1002729972482
2025-09-19 07:10:20,910 [INFO] __main__: Сообщение успешно переслано из канала -1003027929238 в канал -1002729972482
2025-09-19 07:11:39,173 [INFO] __main__: Получено сообщение из канала: -1003027929238, Текст: Надежда умирает последней...

👊 [**Читай все наши каналы!**](https://t.me/nokaut_tg)
2025-09-19 07:11:39,173 [INFO] __main__: Пересылаем сообщение в канал -1002729972482
2025-09-19 07:11:39,356 [INFO] __main__: Сообщение успешно переслано из канала -1003027929238 в канал -1002729972482
2025-09-19 07:11:39,356 [INFO] __main__: Получено сообщение из канала: -1003027929238, Текст: Надежда умирает последней...

👊 [**Читай все наши каналы!**](https://t.me/nokaut_tg)
2025-09-19 07:11:39,356 [INFO] __main__: Пересылаем сообщение в канал -1002729972482
2025-09-19 07:11:39,517 [INFO] __main__: Сообщение успешно переслано из канала -1003027929238 в канал -1002729972482
2025-09-19 07:12:21,669 [INFO] __main__: Получено сообщение из канала: -1003027929238, Текст: 
2025-09-19 07:12:21,670 [INFO] __main__: Пересылаем сообщение в канал -1002729972482
2025-09-19 07:12:21,855 [INFO] __main__: Сообщение успешно переслано из канала -1003027929238 в канал -1002729972482
2025-09-19 07:12:21,855 [INFO] __main__: Получено сообщение из канала: -1003027929238, Текст: 
2025-09-19 07:12:21,856 [INFO] __main__: Пересылаем сообщение в канал -1002729972482
2025-09-19 07:12:22,015 [INFO] __main__: Сообщение успешно переслано из канала -1003027929238 в канал -1002729972482
2025-09-19 07:12:37,320 [INFO] __main__: GRAB - Запущен
2025-09-19 07:12:45,247 [INFO] __main__: Получено сообщение из канала: -1003027929238, Текст: 
2025-09-19 07:12:45,248 [INFO] __main__: Пересылаем сообщение в канал -1002729972482
2025-09-19 07:12:45,407 [INFO] __main__: Сообщение успешно переслано из канала -1003027929238 в канал -1002729972482
2025-09-19 07:12:45,407 [INFO] __main__: Получено сообщение из канала: -1003027929238, Текст: 
2025-09-19 07:12:45,407 [INFO] __main__: Пересылаем сообщение в канал -1002729972482
2025-09-19 07:12:45,562 [INFO] __main__: Сообщение успешно переслано из канала -1003027929238 в канал -1002729972482
2025-09-19 07:13:10,921 [INFO] __main__: GRAB - Запущен
2025-09-19 07:13:14,274 [INFO] __main__: Получено сообщение из канала: -1003027929238, Текст: 
2025-09-19 07:13:14,275 [INFO] __main__: Пересылаем сообщение в канал -1002729972482
2025-09-19 07:13:14,433 [INFO] __main__: Сообщение успешно переслано из канала -1003027929238 в канал -1002729972482
2025-09-19 07:13:14,433 [INFO] __main__: Получено сообщение из канала: -1003027929238, Текст: 
2025-09-19 07:13:14,433 [INFO] __main__: Пересылаем сообщение в канал -1002729972482
2025-09-19 07:13:14,593 [INFO] __main__: Сообщение успешно переслано из канала -1003027929238 в канал -1002729972482
2025-09-19 07:14:32,705 [INFO] __main__: GRAB - Запущен
2025-09-19 07:14:41,979 [INFO] __main__: Получено сообщение из канала: -1003027929238, Текст: 
2025-09-19 07:14:41,979 [INFO] __main__: Пересылаем сообщение в канал -1002729972482
2025-09-19 07:14:41,980 [ERROR] __main__: Ошибка при пересылке сообщения из канала -1003027929238: UploadMethods.send_file() missing 1 required positional argument: 'file'
2025-09-19 07:14:41,980 [INFO] __main__: Получено сообщение из канала: -1003027929238, Текст: 
2025-09-19 07:14:41,980 [INFO] __main__: Пересылаем сообщение в канал -1002729972482
2025-09-19 07:14:42,154 [INFO] __main__: Сообщение успешно переслано из канала -1003027929238 в канал -1002729972482
2025-09-19 07:15:27,708 [INFO] __main__: Получено сообщение из канала: -1003027929238, Текст: https://t.me/+e6GyKFEr5qA3NjEy
2025-09-19 07:15:27,709 [INFO] __main__: Пересылаем сообщение в канал -1002729972482
2025-09-19 07:15:27,709 [ERROR] __main__: Ошибка при пересылке сообщения из канала -1003027929238: UploadMethods.send_file() missing 1 required positional argument: 'file'
2025-09-19 07:15:27,710 [INFO] __main__: Получено сообщение из канала: -1003027929238, Текст: https://t.me/+e6GyKFEr5qA3NjEy
2025-09-19 07:15:27,710 [INFO] __main__: Пересылаем сообщение в канал -1002729972482
2025-09-19 07:15:27,956 [INFO] __main__: Сообщение успешно переслано из канала -1003027929238 в канал -1002729972482
2025-09-19 07:15:52,297 [INFO] __main__: Получено сообщение из канала: -1003027929238, Текст: ghbdtn
2025-09-19 07:15:52,297 [INFO] __main__: Пересылаем сообщение в канал -1002729972482
2025-09-19 07:15:52,298 [ERROR] __main__: Ошибка при пересылке сообщения из канала -1003027929238: UploadMethods.send_file() missing 1 required positional argument: 'file'
2025-09-19 07:15:52,298 [INFO] __main__: Получено сообщение из канала: -1003027929238, Текст: ghbdtn
2025-09-19 07:15:52,298 [INFO] __main__: Пересылаем сообщение в канал -1002729972482
2025-09-19 07:15:52,432 [INFO] __main__: Сообщение успешно переслано из канала -1003027929238 в канал -1002729972482
